{"/Users/potter/Developer/Projects/AliciAlonso/alicialonso-api/api/aaxapi-sdk.ts": {"path":"/Users/potter/Developer/Projects/AliciAlonso/alicialonso-api/api/aaxapi-sdk.ts","statementMap":{"0":{"start":{"line":2,"column":0},"end":{"line":2,"column":32}},"1":{"start":{"line":3,"column":0},"end":{"line":3,"column":30}},"2":{"start":{"line":38,"column":0},"end":{"line":38,"column":null}},"3":{"start":{"line":39,"column":2},"end":{"line":39,"column":null}},"4":{"start":{"line":40,"column":2},"end":{"line":40,"column":null}},"5":{"start":{"line":41,"column":2},"end":{"line":41,"column":null}},"6":{"start":{"line":218,"column":0},"end":{"line":218,"column":null}},"7":{"start":{"line":219,"column":2},"end":{"line":219,"column":null}},"8":{"start":{"line":220,"column":2},"end":{"line":220,"column":null}},"9":{"start":{"line":221,"column":2},"end":{"line":221,"column":null}},"10":{"start":{"line":621,"column":0},"end":{"line":621,"column":null}},"11":{"start":{"line":622,"column":2},"end":{"line":622,"column":null}},"12":{"start":{"line":623,"column":2},"end":{"line":623,"column":null}},"13":{"start":{"line":624,"column":2},"end":{"line":624,"column":null}},"14":{"start":{"line":646,"column":0},"end":{"line":646,"column":null}},"15":{"start":{"line":647,"column":2},"end":{"line":647,"column":null}},"16":{"start":{"line":648,"column":2},"end":{"line":648,"column":null}},"17":{"start":{"line":649,"column":2},"end":{"line":649,"column":null}},"18":{"start":{"line":650,"column":2},"end":{"line":650,"column":null}},"19":{"start":{"line":651,"column":2},"end":{"line":651,"column":null}},"20":{"start":{"line":848,"column":0},"end":{"line":848,"column":null}},"21":{"start":{"line":849,"column":2},"end":{"line":849,"column":null}},"22":{"start":{"line":850,"column":2},"end":{"line":850,"column":null}},"23":{"start":{"line":851,"column":2},"end":{"line":851,"column":null}},"24":{"start":{"line":1049,"column":0},"end":{"line":1049,"column":null}},"25":{"start":{"line":1050,"column":2},"end":{"line":1050,"column":null}},"26":{"start":{"line":1051,"column":2},"end":{"line":1051,"column":null}},"27":{"start":{"line":1052,"column":2},"end":{"line":1052,"column":null}},"28":{"start":{"line":1053,"column":2},"end":{"line":1053,"column":null}},"29":{"start":{"line":1293,"column":0},"end":{"line":1293,"column":null}},"30":{"start":{"line":1294,"column":2},"end":{"line":1294,"column":null}},"31":{"start":{"line":1295,"column":2},"end":{"line":1295,"column":null}},"32":{"start":{"line":1296,"column":2},"end":{"line":1296,"column":null}},"33":{"start":{"line":1359,"column":0},"end":{"line":1359,"column":null}},"34":{"start":{"line":1360,"column":2},"end":{"line":1360,"column":null}},"35":{"start":{"line":1361,"column":2},"end":{"line":1361,"column":null}},"36":{"start":{"line":1362,"column":2},"end":{"line":1362,"column":null}},"37":{"start":{"line":1363,"column":2},"end":{"line":1363,"column":null}},"38":{"start":{"line":1364,"column":2},"end":{"line":1364,"column":null}},"39":{"start":{"line":1365,"column":2},"end":{"line":1365,"column":null}},"40":{"start":{"line":1366,"column":2},"end":{"line":1366,"column":null}},"41":{"start":{"line":1430,"column":13},"end":{"line":1436,"column":6}},"42":{"start":{"line":1437,"column":13},"end":{"line":1443,"column":6}},"43":{"start":{"line":1444,"column":13},"end":{"line":1450,"column":6}},"44":{"start":{"line":1451,"column":13},"end":{"line":1457,"column":6}},"45":{"start":{"line":1458,"column":13},"end":{"line":1464,"column":6}},"46":{"start":{"line":1465,"column":13},"end":{"line":1471,"column":6}},"47":{"start":{"line":1472,"column":13},"end":{"line":1478,"column":6}},"48":{"start":{"line":1479,"column":13},"end":{"line":1489,"column":6}},"49":{"start":{"line":1491,"column":2},"end":{"line":1516,"column":4}},"50":{"start":{"line":1493,"column":6},"end":{"line":1493,"column":86}},"51":{"start":{"line":1496,"column":6},"end":{"line":1496,"column":76}},"52":{"start":{"line":1499,"column":6},"end":{"line":1499,"column":106}},"53":{"start":{"line":1502,"column":6},"end":{"line":1502,"column":94}},"54":{"start":{"line":1505,"column":6},"end":{"line":1505,"column":102}},"55":{"start":{"line":1508,"column":6},"end":{"line":1508,"column":104}},"56":{"start":{"line":1511,"column":6},"end":{"line":1511,"column":102}},"57":{"start":{"line":1514,"column":6},"end":{"line":1514,"column":77}},"58":{"start":{"line":1490,"column":0},"end":{"line":1490,"column":16}}},"fnMap":{"0":{"name":"(anonymous_1)","decl":{"start":{"line":38,"column":0},"end":{"line":38,"column":12}},"loc":{"start":{"line":38,"column":25},"end":{"line":42,"column":1}}},"1":{"name":"(anonymous_2)","decl":{"start":{"line":218,"column":0},"end":{"line":218,"column":12}},"loc":{"start":{"line":218,"column":22},"end":{"line":222,"column":1}}},"2":{"name":"(anonymous_3)","decl":{"start":{"line":621,"column":0},"end":{"line":621,"column":12}},"loc":{"start":{"line":621,"column":30},"end":{"line":625,"column":1}}},"3":{"name":"(anonymous_4)","decl":{"start":{"line":646,"column":0},"end":{"line":646,"column":12}},"loc":{"start":{"line":646,"column":32},"end":{"line":652,"column":1}}},"4":{"name":"(anonymous_5)","decl":{"start":{"line":848,"column":0},"end":{"line":848,"column":12}},"loc":{"start":{"line":848,"column":20},"end":{"line":852,"column":1}}},"5":{"name":"(anonymous_6)","decl":{"start":{"line":1049,"column":0},"end":{"line":1049,"column":12}},"loc":{"start":{"line":1049,"column":18},"end":{"line":1054,"column":1}}},"6":{"name":"(anonymous_7)","decl":{"start":{"line":1293,"column":0},"end":{"line":1293,"column":12}},"loc":{"start":{"line":1293,"column":21},"end":{"line":1297,"column":1}}},"7":{"name":"(anonymous_8)","decl":{"start":{"line":1359,"column":0},"end":{"line":1359,"column":12}},"loc":{"start":{"line":1359,"column":19},"end":{"line":1367,"column":1}}},"8":{"name":"getSdk","decl":{"start":{"line":1490,"column":16},"end":{"line":1490,"column":22}},"loc":{"start":{"line":1490,"column":44},"end":{"line":1517,"column":1}}},"9":{"name":"(anonymous_10)","decl":{"start":{"line":1492,"column":4},"end":{"line":1492,"column":14}},"loc":{"start":{"line":1492,"column":53},"end":{"line":1494,"column":5}}},"10":{"name":"(anonymous_11)","decl":{"start":{"line":1495,"column":4},"end":{"line":1495,"column":9}},"loc":{"start":{"line":1495,"column":43},"end":{"line":1497,"column":5}}},"11":{"name":"(anonymous_12)","decl":{"start":{"line":1498,"column":4},"end":{"line":1498,"column":24}},"loc":{"start":{"line":1498,"column":73},"end":{"line":1500,"column":5}}},"12":{"name":"(anonymous_13)","decl":{"start":{"line":1501,"column":4},"end":{"line":1501,"column":18}},"loc":{"start":{"line":1501,"column":61},"end":{"line":1503,"column":5}}},"13":{"name":"(anonymous_14)","decl":{"start":{"line":1504,"column":4},"end":{"line":1504,"column":22}},"loc":{"start":{"line":1504,"column":69},"end":{"line":1506,"column":5}}},"14":{"name":"(anonymous_15)","decl":{"start":{"line":1507,"column":4},"end":{"line":1507,"column":23}},"loc":{"start":{"line":1507,"column":71},"end":{"line":1509,"column":5}}},"15":{"name":"(anonymous_16)","decl":{"start":{"line":1510,"column":4},"end":{"line":1510,"column":22}},"loc":{"start":{"line":1510,"column":69},"end":{"line":1512,"column":5}}},"16":{"name":"(anonymous_17)","decl":{"start":{"line":1513,"column":4},"end":{"line":1513,"column":11}},"loc":{"start":{"line":1513,"column":45},"end":{"line":1515,"column":5}}}},"branchMap":{"0":{"loc":{"start":{"line":38,"column":12},"end":{"line":38,"column":25}},"type":"binary-expr","locations":[{"start":{"line":38,"column":12},"end":{"line":38,"column":25}},{"start":{"line":38,"column":12},"end":{"line":38,"column":null}}]},"1":{"loc":{"start":{"line":218,"column":12},"end":{"line":218,"column":22}},"type":"binary-expr","locations":[{"start":{"line":218,"column":12},"end":{"line":218,"column":22}},{"start":{"line":218,"column":12},"end":{"line":218,"column":null}}]},"2":{"loc":{"start":{"line":621,"column":12},"end":{"line":621,"column":30}},"type":"binary-expr","locations":[{"start":{"line":621,"column":12},"end":{"line":621,"column":30}},{"start":{"line":621,"column":12},"end":{"line":621,"column":null}}]},"3":{"loc":{"start":{"line":646,"column":12},"end":{"line":646,"column":32}},"type":"binary-expr","locations":[{"start":{"line":646,"column":12},"end":{"line":646,"column":32}},{"start":{"line":646,"column":12},"end":{"line":646,"column":null}}]},"4":{"loc":{"start":{"line":848,"column":12},"end":{"line":848,"column":20}},"type":"binary-expr","locations":[{"start":{"line":848,"column":12},"end":{"line":848,"column":20}},{"start":{"line":848,"column":12},"end":{"line":848,"column":null}}]},"5":{"loc":{"start":{"line":1049,"column":12},"end":{"line":1049,"column":18}},"type":"binary-expr","locations":[{"start":{"line":1049,"column":12},"end":{"line":1049,"column":18}},{"start":{"line":1049,"column":12},"end":{"line":1049,"column":null}}]},"6":{"loc":{"start":{"line":1293,"column":12},"end":{"line":1293,"column":21}},"type":"binary-expr","locations":[{"start":{"line":1293,"column":12},"end":{"line":1293,"column":21}},{"start":{"line":1293,"column":12},"end":{"line":1293,"column":null}}]},"7":{"loc":{"start":{"line":1359,"column":12},"end":{"line":1359,"column":19}},"type":"binary-expr","locations":[{"start":{"line":1359,"column":12},"end":{"line":1359,"column":19}},{"start":{"line":1359,"column":12},"end":{"line":1359,"column":null}}]}},"s":{"0":2,"1":2,"2":2,"3":2,"4":2,"5":2,"6":2,"7":2,"8":2,"9":2,"10":2,"11":2,"12":2,"13":2,"14":2,"15":2,"16":2,"17":2,"18":2,"19":2,"20":2,"21":2,"22":2,"23":2,"24":2,"25":2,"26":2,"27":2,"28":2,"29":2,"30":2,"31":2,"32":2,"33":2,"34":2,"35":2,"36":2,"37":2,"38":2,"39":2,"40":2,"41":2,"42":2,"43":2,"44":2,"45":2,"46":2,"47":2,"48":2,"49":5,"50":5,"51":6,"52":2,"53":3,"54":1,"55":0,"56":0,"57":3,"58":2},"f":{"0":2,"1":2,"2":2,"3":2,"4":2,"5":2,"6":2,"7":2,"8":5,"9":5,"10":6,"11":2,"12":3,"13":1,"14":0,"15":0,"16":3},"b":{"0":[2,2],"1":[2,2],"2":[2,2],"3":[2,2],"4":[2,2],"5":[2,2],"6":[2,2],"7":[2,2]}}
,"/Users/potter/Developer/Projects/AliciAlonso/alicialonso-api/src/constants/errorMessages.c.ts": {"path":"/Users/potter/Developer/Projects/AliciAlonso/alicialonso-api/src/constants/errorMessages.c.ts","statementMap":{"0":{"start":{"line":1,"column":13},"end":{"line":24,"column":null}},"1":{"start":{"line":5,"column":57},"end":{"line":5,"column":111}},"2":{"start":{"line":6,"column":53},"end":{"line":6,"column":110}},"3":{"start":{"line":9,"column":48},"end":{"line":9,"column":91}},"4":{"start":{"line":10,"column":54},"end":{"line":10,"column":110}},"5":{"start":{"line":12,"column":8},"end":{"line":12,"column":90}}},"fnMap":{"0":{"name":"(anonymous_0)","decl":{"start":{"line":5,"column":30},"end":{"line":5,"column":31}},"loc":{"start":{"line":5,"column":57},"end":{"line":5,"column":111}}},"1":{"name":"(anonymous_1)","decl":{"start":{"line":6,"column":26},"end":{"line":6,"column":27}},"loc":{"start":{"line":6,"column":53},"end":{"line":6,"column":110}}},"2":{"name":"(anonymous_2)","decl":{"start":{"line":9,"column":21},"end":{"line":9,"column":22}},"loc":{"start":{"line":9,"column":48},"end":{"line":9,"column":91}}},"3":{"name":"(anonymous_3)","decl":{"start":{"line":10,"column":27},"end":{"line":10,"column":28}},"loc":{"start":{"line":10,"column":54},"end":{"line":10,"column":110}}},"4":{"name":"(anonymous_4)","decl":{"start":{"line":11,"column":24},"end":{"line":11,"column":25}},"loc":{"start":{"line":12,"column":8},"end":{"line":12,"column":90}}}},"branchMap":{},"s":{"0":12,"1":1,"2":2,"3":1,"4":0,"5":1},"f":{"0":1,"1":2,"2":1,"3":0,"4":1},"b":{}}
,"/Users/potter/Developer/Projects/AliciAlonso/alicialonso-api/src/constants/fragments.c.ts": {"path":"/Users/potter/Developer/Projects/AliciAlonso/alicialonso-api/src/constants/fragments.c.ts","statementMap":{"0":{"start":{"line":1,"column":13},"end":{"line":9,"column":null}},"1":{"start":{"line":10,"column":13},"end":{"line":21,"column":null}},"2":{"start":{"line":23,"column":13},"end":{"line":36,"column":null}}},"fnMap":{},"branchMap":{},"s":{"0":12,"1":12,"2":12},"f":{},"b":{}}
,"/Users/potter/Developer/Projects/AliciAlonso/alicialonso-api/src/constants/index.ts": {"path":"/Users/potter/Developer/Projects/AliciAlonso/alicialonso-api/src/constants/index.ts","statementMap":{"0":{"start":{"line":1,"column":0},"end":{"line":1,"column":25}},"1":{"start":{"line":2,"column":0},"end":{"line":2,"column":29}},"2":{"start":{"line":3,"column":0},"end":{"line":3,"column":33}},"3":{"start":{"line":4,"column":0},"end":{"line":4,"column":25}},"4":{"start":{"line":5,"column":0},"end":{"line":5,"column":26}}},"fnMap":{},"branchMap":{},"s":{"0":12,"1":12,"2":12,"3":12,"4":12},"f":{},"b":{}}
,"/Users/potter/Developer/Projects/AliciAlonso/alicialonso-api/src/constants/links.c.ts": {"path":"/Users/potter/Developer/Projects/AliciAlonso/alicialonso-api/src/constants/links.c.ts","statementMap":{"0":{"start":{"line":1,"column":0},"end":{"line":1,"column":119}},"1":{"start":{"line":2,"column":0},"end":{"line":2,"column":42}},"2":{"start":{"line":4,"column":13},"end":{"line":13,"column":null}},"3":{"start":{"line":5,"column":48},"end":{"line":5,"column":116}},"4":{"start":{"line":8,"column":8},"end":{"line":8,"column":128}},"5":{"start":{"line":11,"column":8},"end":{"line":11,"column":132}},"6":{"start":{"line":12,"column":44},"end":{"line":12,"column":52}}},"fnMap":{"0":{"name":"(anonymous_0)","decl":{"start":{"line":5,"column":23},"end":{"line":5,"column":24}},"loc":{"start":{"line":5,"column":48},"end":{"line":5,"column":116}}},"1":{"name":"(anonymous_1)","decl":{"start":{"line":6,"column":25},"end":{"line":6,"column":26}},"loc":{"start":{"line":8,"column":8},"end":{"line":8,"column":128}}},"2":{"name":"(anonymous_2)","decl":{"start":{"line":9,"column":24},"end":{"line":9,"column":25}},"loc":{"start":{"line":11,"column":8},"end":{"line":11,"column":132}}},"3":{"name":"(anonymous_3)","decl":{"start":{"line":12,"column":19},"end":{"line":12,"column":20}},"loc":{"start":{"line":12,"column":44},"end":{"line":12,"column":52}}}},"branchMap":{},"s":{"0":12,"1":12,"2":12,"3":2,"4":1,"5":0,"6":0},"f":{"0":2,"1":1,"2":0,"3":0},"b":{}}
,"/Users/potter/Developer/Projects/AliciAlonso/alicialonso-api/src/constants/redis.c.ts": {"path":"/Users/potter/Developer/Projects/AliciAlonso/alicialonso-api/src/constants/redis.c.ts","statementMap":{"0":{"start":{"line":1,"column":0},"end":{"line":1,"column":25}},"1":{"start":{"line":2,"column":0},"end":{"line":2,"column":27}},"2":{"start":{"line":5,"column":13},"end":{"line":5,"column":null}},"3":{"start":{"line":8,"column":13},"end":{"line":8,"column":null}},"4":{"start":{"line":9,"column":13},"end":{"line":9,"column":null}},"5":{"start":{"line":10,"column":13},"end":{"line":10,"column":null}},"6":{"start":{"line":11,"column":13},"end":{"line":11,"column":null}},"7":{"start":{"line":12,"column":13},"end":{"line":12,"column":null}},"8":{"start":{"line":13,"column":13},"end":{"line":13,"column":null}},"9":{"start":{"line":14,"column":13},"end":{"line":14,"column":null}},"10":{"start":{"line":15,"column":13},"end":{"line":15,"column":null}},"11":{"start":{"line":17,"column":13},"end":{"line":20,"column":null}},"12":{"start":{"line":22,"column":13},"end":{"line":22,"column":null}},"13":{"start":{"line":22,"column":53},"end":{"line":22,"column":88}},"14":{"start":{"line":23,"column":13},"end":{"line":23,"column":null}},"15":{"start":{"line":23,"column":54},"end":{"line":23,"column":85}},"16":{"start":{"line":25,"column":13},"end":{"line":25,"column":null}},"17":{"start":{"line":25,"column":53},"end":{"line":25,"column":95}}},"fnMap":{"0":{"name":"(anonymous_1)","decl":{"start":{"line":22,"column":39},"end":{"line":22,"column":50}},"loc":{"start":{"line":22,"column":53},"end":{"line":22,"column":88}}},"1":{"name":"(anonymous_2)","decl":{"start":{"line":23,"column":40},"end":{"line":23,"column":51}},"loc":{"start":{"line":23,"column":54},"end":{"line":23,"column":85}}},"2":{"name":"(anonymous_3)","decl":{"start":{"line":25,"column":28},"end":{"line":25,"column":29}},"loc":{"start":{"line":25,"column":53},"end":{"line":25,"column":95}}}},"branchMap":{},"s":{"0":12,"1":12,"2":12,"3":12,"4":12,"5":12,"6":12,"7":12,"8":12,"9":12,"10":12,"11":12,"12":12,"13":5,"14":12,"15":1,"16":12,"17":3},"f":{"0":5,"1":1,"2":3},"b":{}}
,"/Users/potter/Developer/Projects/AliciAlonso/alicialonso-api/src/constants/routes.c.ts": {"path":"/Users/potter/Developer/Projects/AliciAlonso/alicialonso-api/src/constants/routes.c.ts","statementMap":{"0":{"start":{"line":1,"column":13},"end":{"line":1,"column":null}},"1":{"start":{"line":2,"column":13},"end":{"line":2,"column":null}},"2":{"start":{"line":3,"column":13},"end":{"line":3,"column":null}},"3":{"start":{"line":4,"column":13},"end":{"line":4,"column":null}},"4":{"start":{"line":5,"column":13},"end":{"line":5,"column":null}},"5":{"start":{"line":6,"column":13},"end":{"line":6,"column":null}}},"fnMap":{},"branchMap":{},"s":{"0":12,"1":12,"2":12,"3":12,"4":12,"5":12},"f":{},"b":{}}
,"/Users/potter/Developer/Projects/AliciAlonso/alicialonso-api/src/core/group.core.ts": {"path":"/Users/potter/Developer/Projects/AliciAlonso/alicialonso-api/src/core/group.core.ts","statementMap":{"0":{"start":{"line":1,"column":0},"end":{"line":1,"column":35}},"1":{"start":{"line":3,"column":0},"end":{"line":3,"column":30}},"2":{"start":{"line":4,"column":0},"end":{"line":4,"column":100}},"3":{"start":{"line":5,"column":0},"end":{"line":5,"column":44}},"4":{"start":{"line":18,"column":4},"end":{"line":32,"column":null}},"5":{"start":{"line":19,"column":8},"end":{"line":19,"column":null}},"6":{"start":{"line":20,"column":8},"end":{"line":20,"column":null}},"7":{"start":{"line":21,"column":8},"end":{"line":21,"column":null}},"8":{"start":{"line":22,"column":8},"end":{"line":22,"column":null}},"9":{"start":{"line":24,"column":8},"end":{"line":29,"column":null}},"10":{"start":{"line":14,"column":0},"end":{"line":14,"column":7}},"11":{"start":{"line":47,"column":4},"end":{"line":145,"column":null}},"12":{"start":{"line":48,"column":8},"end":{"line":48,"column":null}},"13":{"start":{"line":49,"column":22},"end":{"line":49,"column":65}},"14":{"start":{"line":50,"column":8},"end":{"line":142,"column":null}},"15":{"start":{"line":51,"column":25},"end":{"line":51,"column":105}},"16":{"start":{"line":52,"column":12},"end":{"line":59,"column":null}},"17":{"start":{"line":53,"column":16},"end":{"line":58,"column":null}},"18":{"start":{"line":60,"column":37},"end":{"line":60,"column":41}},"19":{"start":{"line":61,"column":12},"end":{"line":68,"column":null}},"20":{"start":{"line":62,"column":16},"end":{"line":67,"column":null}},"21":{"start":{"line":69,"column":12},"end":{"line":134,"column":null}},"22":{"start":{"line":71,"column":20},"end":{"line":97,"column":null}},"23":{"start":{"line":73,"column":24},"end":{"line":76,"column":null}},"24":{"start":{"line":79,"column":24},"end":{"line":85,"column":null}},"25":{"start":{"line":87,"column":24},"end":{"line":87,"column":null}},"26":{"start":{"line":89,"column":24},"end":{"line":89,"column":null}},"27":{"start":{"line":91,"column":24},"end":{"line":96,"column":null}},"28":{"start":{"line":99,"column":20},"end":{"line":125,"column":null}},"29":{"start":{"line":101,"column":24},"end":{"line":104,"column":null}},"30":{"start":{"line":107,"column":24},"end":{"line":113,"column":null}},"31":{"start":{"line":115,"column":24},"end":{"line":115,"column":null}},"32":{"start":{"line":116,"column":24},"end":{"line":116,"column":null}},"33":{"start":{"line":119,"column":24},"end":{"line":124,"column":null}},"34":{"start":{"line":128,"column":20},"end":{"line":133,"column":null}},"35":{"start":{"line":136,"column":12},"end":{"line":141,"column":null}},"36":{"start":{"line":144,"column":8},"end":{"line":144,"column":null}},"37":{"start":{"line":42,"column":0},"end":{"line":42,"column":7}}},"fnMap":{"0":{"name":"createGroupRequest","decl":{"start":{"line":14,"column":22},"end":{"line":14,"column":40}},"loc":{"start":{"line":16,"column":49},"end":{"line":33,"column":1}}},"1":{"name":"processGroupRequest","decl":{"start":{"line":42,"column":22},"end":{"line":42,"column":41}},"loc":{"start":{"line":45,"column":33},"end":{"line":146,"column":1}}}},"branchMap":{"0":{"loc":{"start":{"line":50,"column":8},"end":{"line":142,"column":null}},"type":"if","locations":[{"start":{"line":50,"column":8},"end":{"line":142,"column":null}},{"start":{"line":50,"column":8},"end":{"line":142,"column":null}}]},"1":{"loc":{"start":{"line":50,"column":12},"end":{"line":50,"column":17}},"type":"binary-expr","locations":[{"start":{"line":50,"column":12},"end":{"line":50,"column":17}},{"start":{"line":50,"column":21},"end":{"line":50,"column":35}}]},"2":{"loc":{"start":{"line":52,"column":12},"end":{"line":59,"column":null}},"type":"if","locations":[{"start":{"line":52,"column":12},"end":{"line":59,"column":null}},{"start":{"line":52,"column":12},"end":{"line":59,"column":null}}]},"3":{"loc":{"start":{"line":61,"column":12},"end":{"line":68,"column":null}},"type":"if","locations":[{"start":{"line":61,"column":12},"end":{"line":68,"column":null}},{"start":{"line":61,"column":12},"end":{"line":68,"column":null}}]},"4":{"loc":{"start":{"line":70,"column":16},"end":{"line":97,"column":null}},"type":"switch","locations":[{"start":{"line":70,"column":16},"end":{"line":97,"column":null}},{"start":{"line":98,"column":16},"end":{"line":125,"column":null}},{"start":{"line":126,"column":16},"end":{"line":133,"column":null}}]}},"s":{"0":1,"1":1,"2":1,"3":1,"4":0,"5":0,"6":0,"7":0,"8":0,"9":0,"10":1,"11":0,"12":0,"13":0,"14":0,"15":0,"16":0,"17":0,"18":0,"19":0,"20":0,"21":0,"22":0,"23":0,"24":0,"25":0,"26":0,"27":0,"28":0,"29":0,"30":0,"31":0,"32":0,"33":0,"34":0,"35":0,"36":0,"37":1},"f":{"0":0,"1":0},"b":{"0":[0,0],"1":[0,0],"2":[0,0],"3":[0,0],"4":[0,0,0]}}
,"/Users/potter/Developer/Projects/AliciAlonso/alicialonso-api/src/core/index.ts": {"path":"/Users/potter/Developer/Projects/AliciAlonso/alicialonso-api/src/core/index.ts","statementMap":{"0":{"start":{"line":1,"column":0},"end":{"line":1,"column":28}}},"fnMap":{},"branchMap":{},"s":{"0":1},"f":{},"b":{}}
,"/Users/potter/Developer/Projects/AliciAlonso/alicialonso-api/src/helpers/alert.handler.ts": {"path":"/Users/potter/Developer/Projects/AliciAlonso/alicialonso-api/src/helpers/alert.handler.ts","statementMap":{"0":{"start":{"line":1,"column":0},"end":{"line":1,"column":33}},"1":{"start":{"line":9,"column":4},"end":{"line":26,"column":null}},"2":{"start":{"line":17,"column":12},"end":{"line":21,"column":null}},"3":{"start":{"line":18,"column":16},"end":{"line":20,"column":null}},"4":{"start":{"line":22,"column":12},"end":{"line":24,"column":null}},"5":{"start":{"line":23,"column":16},"end":{"line":23,"column":null}},"6":{"start":{"line":8,"column":0},"end":{"line":8,"column":7}}},"fnMap":{"0":{"name":"alertWebmaster","decl":{"start":{"line":8,"column":22},"end":{"line":8,"column":36}},"loc":{"start":{"line":8,"column":66},"end":{"line":27,"column":1}}},"1":{"name":"(anonymous_1)","decl":{"start":{"line":16,"column":8},"end":{"line":16,"column":9}},"loc":{"start":{"line":16,"column":22},"end":{"line":25,"column":9}}}},"branchMap":{"0":{"loc":{"start":{"line":17,"column":12},"end":{"line":21,"column":null}},"type":"if","locations":[{"start":{"line":17,"column":12},"end":{"line":21,"column":null}},{"start":{"line":17,"column":12},"end":{"line":21,"column":null}}]},"1":{"loc":{"start":{"line":22,"column":12},"end":{"line":24,"column":null}},"type":"if","locations":[{"start":{"line":22,"column":12},"end":{"line":24,"column":null}},{"start":{"line":22,"column":12},"end":{"line":24,"column":null}}]}},"s":{"0":12,"1":1,"2":0,"3":0,"4":0,"5":0,"6":12},"f":{"0":1,"1":0},"b":{"0":[0,0],"1":[0,0]}}
,"/Users/potter/Developer/Projects/AliciAlonso/alicialonso-api/src/helpers/crypto.handler.ts": {"path":"/Users/potter/Developer/Projects/AliciAlonso/alicialonso-api/src/helpers/crypto.handler.ts","statementMap":{"0":{"start":{"line":1,"column":0},"end":{"line":1,"column":27}},"1":{"start":{"line":2,"column":0},"end":{"line":2,"column":33}},"2":{"start":{"line":10,"column":16},"end":{"line":10,"column":84}},"3":{"start":{"line":11,"column":14},"end":{"line":11,"column":45}},"4":{"start":{"line":12,"column":4},"end":{"line":12,"column":null}},"5":{"start":{"line":13,"column":4},"end":{"line":13,"column":null}},"6":{"start":{"line":9,"column":0},"end":{"line":9,"column":16}},"7":{"start":{"line":22,"column":16},"end":{"line":22,"column":86}},"8":{"start":{"line":23,"column":14},"end":{"line":23,"column":50}},"9":{"start":{"line":24,"column":4},"end":{"line":24,"column":null}},"10":{"start":{"line":25,"column":4},"end":{"line":25,"column":null}},"11":{"start":{"line":21,"column":0},"end":{"line":21,"column":16}},"12":{"start":{"line":34,"column":4},"end":{"line":34,"column":null}},"13":{"start":{"line":34,"column":43},"end":{"line":34,"column":null}},"14":{"start":{"line":35,"column":22},"end":{"line":35,"column":51}},"15":{"start":{"line":36,"column":4},"end":{"line":36,"column":null}},"16":{"start":{"line":36,"column":38},"end":{"line":36,"column":null}},"17":{"start":{"line":37,"column":4},"end":{"line":37,"column":null}},"18":{"start":{"line":33,"column":0},"end":{"line":33,"column":16}}},"fnMap":{"0":{"name":"encryptString","decl":{"start":{"line":9,"column":16},"end":{"line":9,"column":29}},"loc":{"start":{"line":9,"column":42},"end":{"line":14,"column":1}}},"1":{"name":"decryptString","decl":{"start":{"line":21,"column":16},"end":{"line":21,"column":29}},"loc":{"start":{"line":21,"column":47},"end":{"line":26,"column":1}}},"2":{"name":"processEncryptedEmail","decl":{"start":{"line":33,"column":16},"end":{"line":33,"column":37}},"loc":{"start":{"line":33,"column":60},"end":{"line":38,"column":1}}}},"branchMap":{"0":{"loc":{"start":{"line":34,"column":4},"end":{"line":34,"column":null}},"type":"if","locations":[{"start":{"line":34,"column":4},"end":{"line":34,"column":null}},{"start":{"line":34,"column":4},"end":{"line":34,"column":null}}]},"1":{"loc":{"start":{"line":36,"column":4},"end":{"line":36,"column":null}},"type":"if","locations":[{"start":{"line":36,"column":4},"end":{"line":36,"column":null}},{"start":{"line":36,"column":4},"end":{"line":36,"column":null}}]}},"s":{"0":12,"1":12,"2":5,"3":5,"4":5,"5":5,"6":12,"7":3,"8":3,"9":3,"10":3,"11":12,"12":3,"13":1,"14":2,"15":2,"16":1,"17":1,"18":12},"f":{"0":5,"1":3,"2":3},"b":{"0":[1,2],"1":[1,1]}}
,"/Users/potter/Developer/Projects/AliciAlonso/alicialonso-api/src/helpers/email.handler.ts": {"path":"/Users/potter/Developer/Projects/AliciAlonso/alicialonso-api/src/helpers/email.handler.ts","statementMap":{"0":{"start":{"line":2,"column":0},"end":{"line":2,"column":33}},"1":{"start":{"line":3,"column":0},"end":{"line":3,"column":48}},"2":{"start":{"line":4,"column":0},"end":{"line":4,"column":37}},"3":{"start":{"line":21,"column":4},"end":{"line":40,"column":null}},"4":{"start":{"line":22,"column":8},"end":{"line":28,"column":null}},"5":{"start":{"line":30,"column":8},"end":{"line":39,"column":null}},"6":{"start":{"line":14,"column":0},"end":{"line":14,"column":7}},"7":{"start":{"line":69,"column":21},"end":{"line":69,"column":72}},"8":{"start":{"line":70,"column":4},"end":{"line":70,"column":null}},"9":{"start":{"line":68,"column":0},"end":{"line":68,"column":7}},"10":{"start":{"line":81,"column":21},"end":{"line":81,"column":75}},"11":{"start":{"line":82,"column":4},"end":{"line":82,"column":null}},"12":{"start":{"line":80,"column":0},"end":{"line":80,"column":7}},"13":{"start":{"line":91,"column":21},"end":{"line":91,"column":81}},"14":{"start":{"line":92,"column":4},"end":{"line":92,"column":null}},"15":{"start":{"line":90,"column":0},"end":{"line":90,"column":7}},"16":{"start":{"line":102,"column":21},"end":{"line":102,"column":79}},"17":{"start":{"line":103,"column":4},"end":{"line":103,"column":null}},"18":{"start":{"line":101,"column":0},"end":{"line":101,"column":7}},"19":{"start":{"line":113,"column":21},"end":{"line":113,"column":80}},"20":{"start":{"line":114,"column":4},"end":{"line":114,"column":null}},"21":{"start":{"line":112,"column":0},"end":{"line":112,"column":7}}},"fnMap":{"0":{"name":"sendEmail","decl":{"start":{"line":14,"column":22},"end":{"line":14,"column":31}},"loc":{"start":{"line":19,"column":20},"end":{"line":41,"column":1}}},"1":{"name":"sendQueuedEmail","decl":{"start":{"line":68,"column":22},"end":{"line":68,"column":37}},"loc":{"start":{"line":68,"column":58},"end":{"line":71,"column":1}}},"2":{"name":"notifyAdmins","decl":{"start":{"line":80,"column":22},"end":{"line":80,"column":34}},"loc":{"start":{"line":80,"column":55},"end":{"line":83,"column":1}}},"3":{"name":"notifyNewGroupRequest","decl":{"start":{"line":90,"column":22},"end":{"line":90,"column":43}},"loc":{"start":{"line":90,"column":61},"end":{"line":93,"column":1}}},"4":{"name":"sendVerificationEmail","decl":{"start":{"line":101,"column":22},"end":{"line":101,"column":43}},"loc":{"start":{"line":101,"column":67},"end":{"line":104,"column":1}}},"5":{"name":"sendPasswordResetEmail","decl":{"start":{"line":112,"column":22},"end":{"line":112,"column":44}},"loc":{"start":{"line":112,"column":68},"end":{"line":115,"column":1}}}},"branchMap":{"0":{"loc":{"start":{"line":27,"column":48},"end":{"line":27,"column":99}},"type":"cond-expr","locations":[{"start":{"line":27,"column":48},"end":{"line":27,"column":99}},{"start":{"line":27,"column":102},"end":{"line":27,"column":104}}]},"1":{"loc":{"start":{"line":27,"column":18},"end":{"line":27,"column":34}},"type":"binary-expr","locations":[{"start":{"line":27,"column":18},"end":{"line":27,"column":34}},{"start":{"line":27,"column":38},"end":{"line":27,"column":45}}]}},"s":{"0":12,"1":12,"2":12,"3":2,"4":2,"5":0,"6":12,"7":1,"8":1,"9":12,"10":1,"11":1,"12":12,"13":1,"14":1,"15":12,"16":1,"17":1,"18":12,"19":0,"20":0,"21":12},"f":{"0":2,"1":1,"2":1,"3":1,"4":1,"5":0},"b":{"0":[1,1],"1":[2,1]}}
,"/Users/potter/Developer/Projects/AliciAlonso/alicialonso-api/src/helpers/error.handler.ts": {"path":"/Users/potter/Developer/Projects/AliciAlonso/alicialonso-api/src/helpers/error.handler.ts","statementMap":{"0":{"start":{"line":2,"column":0},"end":{"line":2,"column":34}},"1":{"start":{"line":22,"column":8},"end":{"line":22,"column":null}},"2":{"start":{"line":23,"column":8},"end":{"line":23,"column":null}},"3":{"start":{"line":24,"column":8},"end":{"line":24,"column":null}},"4":{"start":{"line":25,"column":8},"end":{"line":25,"column":null}},"5":{"start":{"line":26,"column":8},"end":{"line":26,"column":null}},"6":{"start":{"line":28,"column":8},"end":{"line":34,"column":null}},"7":{"start":{"line":29,"column":12},"end":{"line":33,"column":null}},"8":{"start":{"line":30,"column":29},"end":{"line":30,"column":32}},"9":{"start":{"line":32,"column":20},"end":{"line":32,"column":null}},"10":{"start":{"line":9,"column":0},"end":{"line":9,"column":13}},"11":{"start":{"line":38,"column":13},"end":{"line":40,"column":null}},"12":{"start":{"line":39,"column":4},"end":{"line":39,"column":null}}},"fnMap":{"0":{"name":"(anonymous_0)","decl":{"start":{"line":21,"column":4},"end":{"line":21,"column":16}},"loc":{"start":{"line":21,"column":99},"end":{"line":35,"column":5}}},"1":{"name":"(anonymous_1)","decl":{"start":{"line":30,"column":22},"end":{"line":30,"column":25}},"loc":{"start":{"line":30,"column":29},"end":{"line":30,"column":32}}},"2":{"name":"(anonymous_2)","decl":{"start":{"line":31,"column":23},"end":{"line":31,"column":26}},"loc":{"start":{"line":31,"column":29},"end":{"line":33,"column":17}}},"3":{"name":"(anonymous_3)","decl":{"start":{"line":38,"column":64},"end":{"line":38,"column":67}},"loc":{"start":{"line":38,"column":70},"end":{"line":40,"column":1}}}},"branchMap":{"0":{"loc":{"start":{"line":28,"column":8},"end":{"line":34,"column":null}},"type":"if","locations":[{"start":{"line":28,"column":8},"end":{"line":34,"column":null}},{"start":{"line":28,"column":8},"end":{"line":34,"column":null}}]}},"s":{"0":12,"1":3,"2":3,"3":3,"4":3,"5":3,"6":3,"7":0,"8":0,"9":0,"10":12,"11":12,"12":0},"f":{"0":3,"1":0,"2":0,"3":0},"b":{"0":[0,3]}}
,"/Users/potter/Developer/Projects/AliciAlonso/alicialonso-api/src/helpers/event.handler.ts": {"path":"/Users/potter/Developer/Projects/AliciAlonso/alicialonso-api/src/helpers/event.handler.ts","statementMap":{"0":{"start":{"line":1,"column":0},"end":{"line":1,"column":33}},"1":{"start":{"line":10,"column":13},"end":{"line":10,"column":null}}},"fnMap":{},"branchMap":{},"s":{"0":12,"1":12},"f":{},"b":{}}
,"/Users/potter/Developer/Projects/AliciAlonso/alicialonso-api/src/helpers/index.ts": {"path":"/Users/potter/Developer/Projects/AliciAlonso/alicialonso-api/src/helpers/index.ts","statementMap":{"0":{"start":{"line":1,"column":0},"end":{"line":1,"column":31}},"1":{"start":{"line":2,"column":0},"end":{"line":2,"column":31}},"2":{"start":{"line":3,"column":0},"end":{"line":3,"column":31}},"3":{"start":{"line":4,"column":0},"end":{"line":4,"column":31}},"4":{"start":{"line":5,"column":0},"end":{"line":5,"column":34}},"5":{"start":{"line":6,"column":0},"end":{"line":6,"column":31}},"6":{"start":{"line":7,"column":0},"end":{"line":7,"column":31}},"7":{"start":{"line":8,"column":0},"end":{"line":8,"column":32}},"8":{"start":{"line":9,"column":0},"end":{"line":9,"column":32}}},"fnMap":{},"branchMap":{},"s":{"0":12,"1":12,"2":12,"3":12,"4":12,"5":12,"6":12,"7":12,"8":12},"f":{},"b":{}}
,"/Users/potter/Developer/Projects/AliciAlonso/alicialonso-api/src/helpers/photon.handler.ts": {"path":"/Users/potter/Developer/Projects/AliciAlonso/alicialonso-api/src/helpers/photon.handler.ts","statementMap":{"0":{"start":{"line":1,"column":0},"end":{"line":1,"column":30}},"1":{"start":{"line":3,"column":13},"end":{"line":6,"column":null}},"2":{"start":{"line":4,"column":19},"end":{"line":4,"column":101}},"3":{"start":{"line":5,"column":4},"end":{"line":5,"column":null}},"4":{"start":{"line":5,"column":37},"end":{"line":5,"column":42}}},"fnMap":{"0":{"name":"(anonymous_0)","decl":{"start":{"line":3,"column":30},"end":{"line":3,"column":35}},"loc":{"start":{"line":3,"column":60},"end":{"line":6,"column":1}}},"1":{"name":"(anonymous_1)","decl":{"start":{"line":5,"column":22},"end":{"line":5,"column":23}},"loc":{"start":{"line":5,"column":37},"end":{"line":5,"column":42}}}},"branchMap":{},"s":{"0":12,"1":12,"2":1,"3":1,"4":2},"f":{"0":1,"1":2},"b":{}}
,"/Users/potter/Developer/Projects/AliciAlonso/alicialonso-api/src/helpers/redis.handler.ts": {"path":"/Users/potter/Developer/Projects/AliciAlonso/alicialonso-api/src/helpers/redis.handler.ts","statementMap":{"0":{"start":{"line":2,"column":0},"end":{"line":2,"column":37}},"1":{"start":{"line":3,"column":0},"end":{"line":3,"column":39}},"2":{"start":{"line":4,"column":0},"end":{"line":4,"column":44}},"3":{"start":{"line":16,"column":4},"end":{"line":16,"column":null}},"4":{"start":{"line":15,"column":0},"end":{"line":15,"column":7}},"5":{"start":{"line":26,"column":4},"end":{"line":26,"column":null}},"6":{"start":{"line":25,"column":0},"end":{"line":25,"column":7}},"7":{"start":{"line":35,"column":4},"end":{"line":35,"column":null}},"8":{"start":{"line":34,"column":0},"end":{"line":34,"column":7}},"9":{"start":{"line":47,"column":4},"end":{"line":47,"column":null}},"10":{"start":{"line":46,"column":0},"end":{"line":46,"column":7}},"11":{"start":{"line":57,"column":4},"end":{"line":57,"column":null}},"12":{"start":{"line":56,"column":0},"end":{"line":56,"column":7}}},"fnMap":{"0":{"name":"addKeyValueSeconds","decl":{"start":{"line":15,"column":22},"end":{"line":15,"column":40}},"loc":{"start":{"line":15,"column":84},"end":{"line":17,"column":1}}},"1":{"name":"addKeyValue","decl":{"start":{"line":25,"column":22},"end":{"line":25,"column":33}},"loc":{"start":{"line":25,"column":60},"end":{"line":27,"column":1}}},"2":{"name":"removeKey","decl":{"start":{"line":34,"column":22},"end":{"line":34,"column":31}},"loc":{"start":{"line":34,"column":43},"end":{"line":36,"column":1}}},"3":{"name":"setVerificationKey","decl":{"start":{"line":46,"column":22},"end":{"line":46,"column":40}},"loc":{"start":{"line":46,"column":67},"end":{"line":48,"column":1}}},"4":{"name":"setPasswordResetKey","decl":{"start":{"line":56,"column":22},"end":{"line":56,"column":41}},"loc":{"start":{"line":56,"column":68},"end":{"line":58,"column":1}}}},"branchMap":{},"s":{"0":12,"1":12,"2":12,"3":0,"4":12,"5":0,"6":12,"7":0,"8":12,"9":4,"10":12,"11":0,"12":12},"f":{"0":0,"1":0,"2":0,"3":4,"4":0},"b":{}}
,"/Users/potter/Developer/Projects/AliciAlonso/alicialonso-api/src/helpers/template.handler.ts": {"path":"/Users/potter/Developer/Projects/AliciAlonso/alicialonso-api/src/helpers/template.handler.ts","statementMap":{"0":{"start":{"line":1,"column":0},"end":{"line":1,"column":19}},"1":{"start":{"line":2,"column":25},"end":{"line":2,"column":63}},"2":{"start":{"line":3,"column":0},"end":{"line":3,"column":35}},"3":{"start":{"line":12,"column":4},"end":{"line":12,"column":null}},"4":{"start":{"line":11,"column":0},"end":{"line":11,"column":7}}},"fnMap":{"0":{"name":"renderTemplateHTML","decl":{"start":{"line":11,"column":22},"end":{"line":11,"column":40}},"loc":{"start":{"line":11,"column":82},"end":{"line":13,"column":1}}}},"branchMap":{},"s":{"0":12,"1":12,"2":12,"3":1,"4":12},"f":{"0":1},"b":{}}
,"/Users/potter/Developer/Projects/AliciAlonso/alicialonso-api/src/helpers/token.handler.ts": {"path":"/Users/potter/Developer/Projects/AliciAlonso/alicialonso-api/src/helpers/token.handler.ts","statementMap":{"0":{"start":{"line":1,"column":0},"end":{"line":1,"column":43}},"1":{"start":{"line":2,"column":0},"end":{"line":2,"column":42}},"2":{"start":{"line":3,"column":0},"end":{"line":3,"column":44}},"3":{"start":{"line":6,"column":15},"end":{"line":6,"column":47}},"4":{"start":{"line":14,"column":18},"end":{"line":14,"column":65}},"5":{"start":{"line":15,"column":4},"end":{"line":15,"column":null}},"6":{"start":{"line":13,"column":0},"end":{"line":13,"column":7}},"7":{"start":{"line":18,"column":13},"end":{"line":30,"column":null}},"8":{"start":{"line":19,"column":4},"end":{"line":29,"column":null}},"9":{"start":{"line":38,"column":4},"end":{"line":49,"column":null}},"10":{"start":{"line":39,"column":24},"end":{"line":39,"column":51}},"11":{"start":{"line":40,"column":8},"end":{"line":42,"column":null}},"12":{"start":{"line":41,"column":12},"end":{"line":41,"column":null}},"13":{"start":{"line":43,"column":8},"end":{"line":46,"column":null}},"14":{"start":{"line":48,"column":8},"end":{"line":48,"column":null}},"15":{"start":{"line":37,"column":0},"end":{"line":37,"column":7}}},"fnMap":{"0":{"name":"generateLoginToken","decl":{"start":{"line":13,"column":22},"end":{"line":13,"column":40}},"loc":{"start":{"line":13,"column":67},"end":{"line":16,"column":1}}},"1":{"name":"(anonymous_1)","decl":{"start":{"line":18,"column":31},"end":{"line":18,"column":32}},"loc":{"start":{"line":18,"column":56},"end":{"line":30,"column":1}}},"2":{"name":"decodeLoginToken","decl":{"start":{"line":37,"column":22},"end":{"line":37,"column":38}},"loc":{"start":{"line":37,"column":52},"end":{"line":50,"column":1}}}},"branchMap":{"0":{"loc":{"start":{"line":20,"column":18},"end":{"line":20,"column":21}},"type":"binary-expr","locations":[{"start":{"line":20,"column":18},"end":{"line":20,"column":21}},{"start":{"line":20,"column":25},"end":{"line":20,"column":34}}]},"1":{"loc":{"start":{"line":24,"column":14},"end":{"line":26,"column":53}},"type":"cond-expr","locations":[{"start":{"line":24,"column":14},"end":{"line":26,"column":53}},{"start":{"line":27,"column":14},"end":{"line":27,"column":49}}]},"2":{"loc":{"start":{"line":25,"column":18},"end":{"line":25,"column":52}},"type":"cond-expr","locations":[{"start":{"line":25,"column":18},"end":{"line":25,"column":52}},{"start":{"line":26,"column":18},"end":{"line":26,"column":53}}]},"3":{"loc":{"start":{"line":40,"column":8},"end":{"line":42,"column":null}},"type":"if","locations":[{"start":{"line":40,"column":8},"end":{"line":42,"column":null}},{"start":{"line":40,"column":8},"end":{"line":42,"column":null}}]}},"s":{"0":12,"1":12,"2":12,"3":12,"4":4,"5":4,"6":12,"7":12,"8":2,"9":5,"10":5,"11":3,"12":3,"13":0,"14":2,"15":12},"f":{"0":4,"1":2,"2":5},"b":{"0":[2,0],"1":[2,0],"2":[0,2],"3":[3,0]}}
,"/Users/potter/Developer/Projects/AliciAlonso/alicialonso-api/src/libs/index.ts": {"path":"/Users/potter/Developer/Projects/AliciAlonso/alicialonso-api/src/libs/index.ts","statementMap":{"0":{"start":{"line":1,"column":0},"end":{"line":1,"column":29}},"1":{"start":{"line":2,"column":0},"end":{"line":2,"column":32}},"2":{"start":{"line":3,"column":0},"end":{"line":3,"column":27}},"3":{"start":{"line":4,"column":0},"end":{"line":4,"column":28}}},"fnMap":{},"branchMap":{},"s":{"0":12,"1":12,"2":12,"3":12},"f":{},"b":{}}
,"/Users/potter/Developer/Projects/AliciAlonso/alicialonso-api/src/libs/mailgun.lib.ts": {"path":"/Users/potter/Developer/Projects/AliciAlonso/alicialonso-api/src/libs/mailgun.lib.ts","statementMap":{"0":{"start":{"line":1,"column":0},"end":{"line":1,"column":35}},"1":{"start":{"line":2,"column":0},"end":{"line":2,"column":59}},"2":{"start":{"line":5,"column":20},"end":{"line":10,"column":null}},"3":{"start":{"line":12,"column":13},"end":{"line":12,"column":null}}},"fnMap":{},"branchMap":{},"s":{"0":12,"1":12,"2":12,"3":12},"f":{},"b":{}}
,"/Users/potter/Developer/Projects/AliciAlonso/alicialonso-api/src/libs/node-cache.lib.ts": {"path":"/Users/potter/Developer/Projects/AliciAlonso/alicialonso-api/src/libs/node-cache.lib.ts","statementMap":{"0":{"start":{"line":3,"column":0},"end":{"line":3,"column":43}},"1":{"start":{"line":4,"column":0},"end":{"line":4,"column":52}},"2":{"start":{"line":21,"column":8},"end":{"line":25,"column":null}},"3":{"start":{"line":26,"column":8},"end":{"line":26,"column":null}},"4":{"start":{"line":30,"column":8},"end":{"line":30,"column":null}},"5":{"start":{"line":31,"column":8},"end":{"line":31,"column":null}},"6":{"start":{"line":44,"column":8},"end":{"line":44,"column":null}},"7":{"start":{"line":48,"column":8},"end":{"line":48,"column":null}},"8":{"start":{"line":49,"column":8},"end":{"line":49,"column":null}},"9":{"start":{"line":53,"column":8},"end":{"line":55,"column":null}},"10":{"start":{"line":54,"column":12},"end":{"line":54,"column":null}},"11":{"start":{"line":56,"column":22},"end":{"line":56,"column":23}},"12":{"start":{"line":57,"column":21},"end":{"line":57,"column":38}},"13":{"start":{"line":58,"column":8},"end":{"line":63,"column":null}},"14":{"start":{"line":59,"column":12},"end":{"line":62,"column":null}},"15":{"start":{"line":60,"column":16},"end":{"line":60,"column":null}},"16":{"start":{"line":61,"column":16},"end":{"line":61,"column":null}},"17":{"start":{"line":64,"column":8},"end":{"line":64,"column":null}},"18":{"start":{"line":68,"column":8},"end":{"line":68,"column":null}},"19":{"start":{"line":12,"column":0},"end":{"line":12,"column":13}}},"fnMap":{"0":{"name":"(anonymous_1)","decl":{"start":{"line":20,"column":4},"end":{"line":20,"column":16}},"loc":{"start":{"line":20,"column":46},"end":{"line":27,"column":5}}},"1":{"name":"(anonymous_2)","decl":{"start":{"line":29,"column":4},"end":{"line":29,"column":7}},"loc":{"start":{"line":29,"column":28},"end":{"line":32,"column":5}}},"2":{"name":"(anonymous_3)","decl":{"start":{"line":43,"column":4},"end":{"line":43,"column":7}},"loc":{"start":{"line":43,"column":16},"end":{"line":45,"column":5}}},"3":{"name":"(anonymous_4)","decl":{"start":{"line":47,"column":4},"end":{"line":47,"column":7}},"loc":{"start":{"line":47,"column":25},"end":{"line":50,"column":5}}},"4":{"name":"(anonymous_5)","decl":{"start":{"line":52,"column":4},"end":{"line":52,"column":15}},"loc":{"start":{"line":52,"column":40},"end":{"line":65,"column":5}}},"5":{"name":"(anonymous_6)","decl":{"start":{"line":67,"column":4},"end":{"line":67,"column":9}},"loc":{"start":{"line":67,"column":9},"end":{"line":69,"column":5}}}},"branchMap":{"0":{"loc":{"start":{"line":22,"column":20},"end":{"line":22,"column":30}},"type":"binary-expr","locations":[{"start":{"line":22,"column":20},"end":{"line":22,"column":30}},{"start":{"line":22,"column":34},"end":{"line":22,"column":35}}]},"1":{"loc":{"start":{"line":23,"column":25},"end":{"line":23,"column":35}},"type":"binary-expr","locations":[{"start":{"line":23,"column":25},"end":{"line":23,"column":35}},{"start":{"line":23,"column":39},"end":{"line":23,"column":46}}]},"2":{"loc":{"start":{"line":53,"column":8},"end":{"line":55,"column":null}},"type":"if","locations":[{"start":{"line":53,"column":8},"end":{"line":55,"column":null}},{"start":{"line":53,"column":8},"end":{"line":55,"column":null}}]},"3":{"loc":{"start":{"line":59,"column":12},"end":{"line":62,"column":null}},"type":"if","locations":[{"start":{"line":59,"column":12},"end":{"line":62,"column":null}},{"start":{"line":59,"column":12},"end":{"line":62,"column":null}}]}},"s":{"0":12,"1":12,"2":1,"3":1,"4":7,"5":7,"6":1,"7":2,"8":2,"9":1,"10":0,"11":1,"12":1,"13":1,"14":1,"15":1,"16":1,"17":1,"18":1,"19":12},"f":{"0":1,"1":7,"2":1,"3":2,"4":1,"5":1},"b":{"0":[1,0],"1":[1,0],"2":[0,1],"3":[1,0]}}
,"/Users/potter/Developer/Projects/AliciAlonso/alicialonso-api/src/libs/photon.lib.ts": {"path":"/Users/potter/Developer/Projects/AliciAlonso/alicialonso-api/src/libs/photon.lib.ts","statementMap":{"0":{"start":{"line":1,"column":0},"end":{"line":1,"column":42}},"1":{"start":{"line":3,"column":13},"end":{"line":3,"column":null}}},"fnMap":{},"branchMap":{},"s":{"0":12,"1":12},"f":{},"b":{}}
,"/Users/potter/Developer/Projects/AliciAlonso/alicialonso-api/src/libs/redis.lib.ts": {"path":"/Users/potter/Developer/Projects/AliciAlonso/alicialonso-api/src/libs/redis.lib.ts","statementMap":{"0":{"start":{"line":1,"column":0},"end":{"line":1,"column":40}},"1":{"start":{"line":2,"column":0},"end":{"line":2,"column":25}},"2":{"start":{"line":3,"column":0},"end":{"line":3,"column":27}},"3":{"start":{"line":4,"column":0},"end":{"line":4,"column":37}},"4":{"start":{"line":6,"column":13},"end":{"line":6,"column":null}},"5":{"start":{"line":7,"column":13},"end":{"line":7,"column":null}},"6":{"start":{"line":8,"column":13},"end":{"line":8,"column":null}},"7":{"start":{"line":9,"column":13},"end":{"line":11,"column":null}}},"fnMap":{},"branchMap":{},"s":{"0":12,"1":12,"2":12,"3":12,"4":12,"5":12,"6":12,"7":12},"f":{},"b":{}}
,"/Users/potter/Developer/Projects/AliciAlonso/alicialonso-api/src/permissions/index.ts": {"path":"/Users/potter/Developer/Projects/AliciAlonso/alicialonso-api/src/permissions/index.ts","statementMap":{"0":{"start":{"line":1,"column":0},"end":{"line":1,"column":44}},"1":{"start":{"line":2,"column":0},"end":{"line":2,"column":32}},"2":{"start":{"line":3,"column":0},"end":{"line":3,"column":47}},"3":{"start":{"line":5,"column":20},"end":{"line":24,"column":null}},"4":{"start":{"line":27,"column":0},"end":{"line":27,"column":null}}},"fnMap":{},"branchMap":{},"s":{"0":1,"1":1,"2":1,"3":1,"4":1},"f":{},"b":{}}
,"/Users/potter/Developer/Projects/AliciAlonso/alicialonso-api/src/permissions/rules.ts": {"path":"/Users/potter/Developer/Projects/AliciAlonso/alicialonso-api/src/permissions/rules.ts","statementMap":{"0":{"start":{"line":1,"column":0},"end":{"line":1,"column":25}},"1":{"start":{"line":2,"column":0},"end":{"line":2,"column":29}},"2":{"start":{"line":3,"column":0},"end":{"line":3,"column":37}},"3":{"start":{"line":4,"column":0},"end":{"line":4,"column":50}},"4":{"start":{"line":5,"column":0},"end":{"line":5,"column":69}},"5":{"start":{"line":6,"column":0},"end":{"line":6,"column":39}},"6":{"start":{"line":9,"column":13},"end":{"line":11,"column":null}},"7":{"start":{"line":10,"column":4},"end":{"line":10,"column":47}},"8":{"start":{"line":13,"column":13},"end":{"line":15,"column":null}},"9":{"start":{"line":14,"column":4},"end":{"line":14,"column":73}},"10":{"start":{"line":17,"column":13},"end":{"line":21,"column":null}},"11":{"start":{"line":18,"column":4},"end":{"line":20,"column":55}},"12":{"start":{"line":23,"column":13},"end":{"line":27,"column":null}},"13":{"start":{"line":24,"column":4},"end":{"line":26,"column":51}},"14":{"start":{"line":29,"column":13},"end":{"line":52,"column":null}},"15":{"start":{"line":30,"column":17},"end":{"line":33,"column":6}},"16":{"start":{"line":34,"column":4},"end":{"line":36,"column":null}},"17":{"start":{"line":35,"column":8},"end":{"line":35,"column":null}},"18":{"start":{"line":37,"column":4},"end":{"line":39,"column":null}},"19":{"start":{"line":38,"column":8},"end":{"line":38,"column":null}},"20":{"start":{"line":40,"column":4},"end":{"line":47,"column":null}},"21":{"start":{"line":41,"column":8},"end":{"line":45,"column":null}},"22":{"start":{"line":42,"column":12},"end":{"line":42,"column":null}},"23":{"start":{"line":44,"column":12},"end":{"line":44,"column":null}},"24":{"start":{"line":46,"column":8},"end":{"line":46,"column":null}},"25":{"start":{"line":48,"column":4},"end":{"line":50,"column":null}},"26":{"start":{"line":49,"column":8},"end":{"line":49,"column":null}},"27":{"start":{"line":51,"column":4},"end":{"line":51,"column":null}},"28":{"start":{"line":54,"column":13},"end":{"line":56,"column":null}},"29":{"start":{"line":55,"column":4},"end":{"line":55,"column":93}},"30":{"start":{"line":58,"column":13},"end":{"line":62,"column":null}},"31":{"start":{"line":59,"column":4},"end":{"line":61,"column":46}}},"fnMap":{"0":{"name":"(anonymous_1)","decl":{"start":{"line":9,"column":65},"end":{"line":9,"column":70}},"loc":{"start":{"line":10,"column":4},"end":{"line":10,"column":47}}},"1":{"name":"(anonymous_2)","decl":{"start":{"line":13,"column":57},"end":{"line":13,"column":58}},"loc":{"start":{"line":14,"column":4},"end":{"line":14,"column":73}}},"2":{"name":"(anonymous_3)","decl":{"start":{"line":17,"column":60},"end":{"line":17,"column":65}},"loc":{"start":{"line":18,"column":4},"end":{"line":20,"column":55}}},"3":{"name":"(anonymous_4)","decl":{"start":{"line":23,"column":57},"end":{"line":23,"column":62}},"loc":{"start":{"line":24,"column":4},"end":{"line":26,"column":51}}},"4":{"name":"(anonymous_5)","decl":{"start":{"line":29,"column":58},"end":{"line":29,"column":63}},"loc":{"start":{"line":29,"column":117},"end":{"line":52,"column":1}}},"5":{"name":"(anonymous_6)","decl":{"start":{"line":54,"column":51},"end":{"line":54,"column":56}},"loc":{"start":{"line":55,"column":4},"end":{"line":55,"column":93}}},"6":{"name":"(anonymous_7)","decl":{"start":{"line":58,"column":61},"end":{"line":58,"column":66}},"loc":{"start":{"line":59,"column":4},"end":{"line":61,"column":46}}}},"branchMap":{"0":{"loc":{"start":{"line":10,"column":11},"end":{"line":10,"column":15}},"type":"cond-expr","locations":[{"start":{"line":10,"column":11},"end":{"line":10,"column":15}},{"start":{"line":10,"column":18},"end":{"line":10,"column":47}}]},"1":{"loc":{"start":{"line":14,"column":27},"end":{"line":14,"column":31}},"type":"cond-expr","locations":[{"start":{"line":14,"column":27},"end":{"line":14,"column":31}},{"start":{"line":14,"column":34},"end":{"line":14,"column":73}}]},"2":{"loc":{"start":{"line":14,"column":4},"end":{"line":14,"column":8}},"type":"binary-expr","locations":[{"start":{"line":14,"column":4},"end":{"line":14,"column":8}},{"start":{"line":14,"column":12},"end":{"line":14,"column":24}}]},"3":{"loc":{"start":{"line":19,"column":10},"end":{"line":19,"column":14}},"type":"cond-expr","locations":[{"start":{"line":19,"column":10},"end":{"line":19,"column":14}},{"start":{"line":20,"column":10},"end":{"line":20,"column":55}}]},"4":{"loc":{"start":{"line":25,"column":10},"end":{"line":25,"column":14}},"type":"cond-expr","locations":[{"start":{"line":25,"column":10},"end":{"line":25,"column":14}},{"start":{"line":26,"column":10},"end":{"line":26,"column":51}}]},"5":{"loc":{"start":{"line":34,"column":4},"end":{"line":36,"column":null}},"type":"if","locations":[{"start":{"line":34,"column":4},"end":{"line":36,"column":null}},{"start":{"line":34,"column":4},"end":{"line":36,"column":null}}]},"6":{"loc":{"start":{"line":37,"column":4},"end":{"line":39,"column":null}},"type":"if","locations":[{"start":{"line":37,"column":4},"end":{"line":39,"column":null}},{"start":{"line":37,"column":4},"end":{"line":39,"column":null}}]},"7":{"loc":{"start":{"line":40,"column":4},"end":{"line":47,"column":null}},"type":"if","locations":[{"start":{"line":40,"column":4},"end":{"line":47,"column":null}},{"start":{"line":40,"column":4},"end":{"line":47,"column":null}}]},"8":{"loc":{"start":{"line":48,"column":4},"end":{"line":50,"column":null}},"type":"if","locations":[{"start":{"line":48,"column":4},"end":{"line":50,"column":null}},{"start":{"line":48,"column":4},"end":{"line":50,"column":null}}]},"9":{"loc":{"start":{"line":55,"column":51},"end":{"line":55,"column":55}},"type":"cond-expr","locations":[{"start":{"line":55,"column":51},"end":{"line":55,"column":55}},{"start":{"line":55,"column":58},"end":{"line":55,"column":93}}]},"10":{"loc":{"start":{"line":60,"column":10},"end":{"line":60,"column":14}},"type":"cond-expr","locations":[{"start":{"line":60,"column":10},"end":{"line":60,"column":14}},{"start":{"line":61,"column":10},"end":{"line":61,"column":46}}]}},"s":{"0":1,"1":1,"2":1,"3":1,"4":1,"5":1,"6":1,"7":0,"8":1,"9":0,"10":1,"11":0,"12":1,"13":0,"14":1,"15":0,"16":0,"17":0,"18":0,"19":0,"20":0,"21":0,"22":0,"23":0,"24":0,"25":0,"26":0,"27":0,"28":1,"29":0,"30":1,"31":0},"f":{"0":0,"1":0,"2":0,"3":0,"4":0,"5":0,"6":0},"b":{"0":[0,0],"1":[0,0],"2":[0,0],"3":[0,0],"4":[0,0],"5":[0,0],"6":[0,0],"7":[0,0],"8":[0,0],"9":[0,0],"10":[0,0]}}
,"/Users/potter/Developer/Projects/AliciAlonso/alicialonso-api/src/permissions/validation.ts": {"path":"/Users/potter/Developer/Projects/AliciAlonso/alicialonso-api/src/permissions/validation.ts","statementMap":{"0":{"start":{"line":3,"column":0},"end":{"line":3,"column":42}},"1":{"start":{"line":4,"column":0},"end":{"line":4,"column":44}},"2":{"start":{"line":6,"column":13},"end":{"line":36,"column":null}},"3":{"start":{"line":17,"column":4},"end":{"line":35,"column":6}},"4":{"start":{"line":38,"column":13},"end":{"line":49,"column":null}},"5":{"start":{"line":46,"column":4},"end":{"line":48,"column":6}},"6":{"start":{"line":51,"column":13},"end":{"line":58,"column":null}},"7":{"start":{"line":52,"column":4},"end":{"line":57,"column":6}}},"fnMap":{"0":{"name":"(anonymous_0)","decl":{"start":{"line":16,"column":29},"end":{"line":16,"column":32}},"loc":{"start":{"line":17,"column":4},"end":{"line":35,"column":6}}},"1":{"name":"(anonymous_1)","decl":{"start":{"line":45,"column":36},"end":{"line":45,"column":39}},"loc":{"start":{"line":46,"column":4},"end":{"line":48,"column":6}}},"2":{"name":"(anonymous_2)","decl":{"start":{"line":51,"column":113},"end":{"line":51,"column":116}},"loc":{"start":{"line":52,"column":4},"end":{"line":57,"column":6}}}},"branchMap":{},"s":{"0":1,"1":1,"2":1,"3":1,"4":1,"5":1,"6":1,"7":1},"f":{"0":1,"1":1,"2":1},"b":{}}
,"/Users/potter/Developer/Projects/AliciAlonso/alicialonso-api/src/queue/index.ts": {"path":"/Users/potter/Developer/Projects/AliciAlonso/alicialonso-api/src/queue/index.ts","statementMap":{"0":{"start":{"line":1,"column":0},"end":{"line":1,"column":24}},"1":{"start":{"line":2,"column":0},"end":{"line":2,"column":80}},"2":{"start":{"line":3,"column":0},"end":{"line":3,"column":63}},"3":{"start":{"line":4,"column":0},"end":{"line":4,"column":60}},"4":{"start":{"line":5,"column":0},"end":{"line":5,"column":79}},"5":{"start":{"line":6,"column":0},"end":{"line":6,"column":59}},"6":{"start":{"line":7,"column":0},"end":{"line":7,"column":74}},"7":{"start":{"line":8,"column":0},"end":{"line":8,"column":54}},"8":{"start":{"line":9,"column":0},"end":{"line":9,"column":82}},"9":{"start":{"line":21,"column":13},"end":{"line":21,"column":null}},"10":{"start":{"line":24,"column":0},"end":{"line":30,"column":null}},"11":{"start":{"line":27,"column":8},"end":{"line":27,"column":null}},"12":{"start":{"line":31,"column":0},"end":{"line":37,"column":null}},"13":{"start":{"line":34,"column":8},"end":{"line":34,"column":null}},"14":{"start":{"line":38,"column":0},"end":{"line":44,"column":null}},"15":{"start":{"line":41,"column":8},"end":{"line":41,"column":null}},"16":{"start":{"line":45,"column":0},"end":{"line":51,"column":null}},"17":{"start":{"line":48,"column":8},"end":{"line":48,"column":null}},"18":{"start":{"line":52,"column":0},"end":{"line":58,"column":null}},"19":{"start":{"line":55,"column":8},"end":{"line":55,"column":null}},"20":{"start":{"line":68,"column":13},"end":{"line":68,"column":null}},"21":{"start":{"line":70,"column":0},"end":{"line":76,"column":null}},"22":{"start":{"line":73,"column":8},"end":{"line":73,"column":null}},"23":{"start":{"line":77,"column":0},"end":{"line":83,"column":null}},"24":{"start":{"line":80,"column":8},"end":{"line":80,"column":null}},"25":{"start":{"line":84,"column":0},"end":{"line":90,"column":null}},"26":{"start":{"line":87,"column":8},"end":{"line":87,"column":null}}},"fnMap":{"0":{"name":"(anonymous_2)","decl":{"start":{"line":26,"column":4},"end":{"line":26,"column":9}},"loc":{"start":{"line":26,"column":16},"end":{"line":28,"column":5}}},"1":{"name":"(anonymous_3)","decl":{"start":{"line":33,"column":4},"end":{"line":33,"column":9}},"loc":{"start":{"line":33,"column":16},"end":{"line":35,"column":5}}},"2":{"name":"(anonymous_4)","decl":{"start":{"line":40,"column":4},"end":{"line":40,"column":9}},"loc":{"start":{"line":40,"column":16},"end":{"line":42,"column":5}}},"3":{"name":"(anonymous_5)","decl":{"start":{"line":47,"column":4},"end":{"line":47,"column":9}},"loc":{"start":{"line":47,"column":16},"end":{"line":49,"column":5}}},"4":{"name":"(anonymous_6)","decl":{"start":{"line":54,"column":4},"end":{"line":54,"column":9}},"loc":{"start":{"line":54,"column":16},"end":{"line":56,"column":5}}},"5":{"name":"(anonymous_7)","decl":{"start":{"line":72,"column":4},"end":{"line":72,"column":9}},"loc":{"start":{"line":72,"column":16},"end":{"line":74,"column":5}}},"6":{"name":"(anonymous_8)","decl":{"start":{"line":79,"column":4},"end":{"line":79,"column":9}},"loc":{"start":{"line":79,"column":16},"end":{"line":81,"column":5}}},"7":{"name":"(anonymous_9)","decl":{"start":{"line":86,"column":4},"end":{"line":86,"column":9}},"loc":{"start":{"line":86,"column":16},"end":{"line":88,"column":5}}}},"branchMap":{},"s":{"0":12,"1":12,"2":12,"3":12,"4":12,"5":12,"6":12,"7":12,"8":12,"9":12,"10":12,"11":0,"12":12,"13":1,"14":12,"15":0,"16":12,"17":0,"18":12,"19":0,"20":12,"21":12,"22":0,"23":12,"24":0,"25":12,"26":0},"f":{"0":0,"1":1,"2":0,"3":0,"4":0,"5":0,"6":0,"7":0},"b":{}}
,"/Users/potter/Developer/Projects/AliciAlonso/alicialonso-api/src/queue/processors/add-key-value.p.ts": {"path":"/Users/potter/Developer/Projects/AliciAlonso/alicialonso-api/src/queue/processors/add-key-value.p.ts","statementMap":{"0":{"start":{"line":2,"column":0},"end":{"line":2,"column":42}},"1":{"start":{"line":11,"column":27},"end":{"line":11,"column":35}},"2":{"start":{"line":12,"column":4},"end":{"line":12,"column":null}},"3":{"start":{"line":10,"column":0},"end":{"line":10,"column":15}}},"fnMap":{"0":{"name":"default_1","decl":{"start":{"line":10,"column":20},"end":{"line":10,"column":30}},"loc":{"start":{"line":10,"column":38},"end":{"line":13,"column":1}}}},"branchMap":{},"s":{"0":12,"1":0,"2":0,"3":12},"f":{"0":0},"b":{}}
,"/Users/potter/Developer/Projects/AliciAlonso/alicialonso-api/src/queue/processors/add-vey-value-seconds.p.ts": {"path":"/Users/potter/Developer/Projects/AliciAlonso/alicialonso-api/src/queue/processors/add-vey-value-seconds.p.ts","statementMap":{"0":{"start":{"line":2,"column":0},"end":{"line":2,"column":42}},"1":{"start":{"line":12,"column":36},"end":{"line":12,"column":44}},"2":{"start":{"line":13,"column":4},"end":{"line":13,"column":null}},"3":{"start":{"line":11,"column":0},"end":{"line":11,"column":15}}},"fnMap":{"0":{"name":"default_1","decl":{"start":{"line":11,"column":20},"end":{"line":11,"column":30}},"loc":{"start":{"line":11,"column":38},"end":{"line":14,"column":1}}}},"branchMap":{"0":{"loc":{"start":{"line":13,"column":46},"end":{"line":13,"column":53}},"type":"binary-expr","locations":[{"start":{"line":13,"column":46},"end":{"line":13,"column":53}},{"start":{"line":13,"column":57},"end":{"line":13,"column":69}}]}},"s":{"0":12,"1":0,"2":0,"3":12},"f":{"0":0},"b":{"0":[0,0]}}
,"/Users/potter/Developer/Projects/AliciAlonso/alicialonso-api/src/queue/processors/notify-admins.p.ts": {"path":"/Users/potter/Developer/Projects/AliciAlonso/alicialonso-api/src/queue/processors/notify-admins.p.ts","statementMap":{"0":{"start":{"line":2,"column":0},"end":{"line":2,"column":72}},"1":{"start":{"line":11,"column":49},"end":{"line":11,"column":57}},"2":{"start":{"line":13,"column":24},"end":{"line":13,"column":46}},"3":{"start":{"line":15,"column":4},"end":{"line":24,"column":null}},"4":{"start":{"line":17,"column":30},"end":{"line":20,"column":null}},"5":{"start":{"line":23,"column":8},"end":{"line":23,"column":null}},"6":{"start":{"line":10,"column":0},"end":{"line":10,"column":15}}},"fnMap":{"0":{"name":"default_1","decl":{"start":{"line":10,"column":20},"end":{"line":10,"column":30}},"loc":{"start":{"line":10,"column":38},"end":{"line":25,"column":1}}},"1":{"name":"(anonymous_1)","decl":{"start":{"line":15,"column":24},"end":{"line":15,"column":29}},"loc":{"start":{"line":15,"column":48},"end":{"line":24,"column":5}}}},"branchMap":{"0":{"loc":{"start":{"line":23,"column":46},"end":{"line":23,"column":54}},"type":"binary-expr","locations":[{"start":{"line":23,"column":46},"end":{"line":23,"column":54}},{"start":{"line":23,"column":58},"end":{"line":23,"column":60}}]}},"s":{"0":12,"1":0,"2":0,"3":0,"4":0,"5":0,"6":12},"f":{"0":0,"1":0},"b":{"0":[0,0]}}
,"/Users/potter/Developer/Projects/AliciAlonso/alicialonso-api/src/queue/processors/notify-new-group-request.p.ts": {"path":"/Users/potter/Developer/Projects/AliciAlonso/alicialonso-api/src/queue/processors/notify-new-group-request.p.ts","statementMap":{"0":{"start":{"line":2,"column":0},"end":{"line":2,"column":42}},"1":{"start":{"line":3,"column":0},"end":{"line":3,"column":67}},"2":{"start":{"line":4,"column":0},"end":{"line":4,"column":39}},"3":{"start":{"line":13,"column":19},"end":{"line":13,"column":31}},"4":{"start":{"line":14,"column":26},"end":{"line":14,"column":34}},"5":{"start":{"line":16,"column":24},"end":{"line":16,"column":46}},"6":{"start":{"line":17,"column":17},"end":{"line":20,"column":6}},"7":{"start":{"line":22,"column":4},"end":{"line":29,"column":null}},"8":{"start":{"line":23,"column":8},"end":{"line":28,"column":null}},"9":{"start":{"line":30,"column":50},"end":{"line":30,"column":54}},"10":{"start":{"line":32,"column":4},"end":{"line":44,"column":null}},"11":{"start":{"line":33,"column":8},"end":{"line":43,"column":null}},"12":{"start":{"line":11,"column":0},"end":{"line":11,"column":15}}},"fnMap":{"0":{"name":"default_1","decl":{"start":{"line":11,"column":20},"end":{"line":11,"column":30}},"loc":{"start":{"line":11,"column":38},"end":{"line":45,"column":1}}},"1":{"name":"(anonymous_1)","decl":{"start":{"line":32,"column":24},"end":{"line":32,"column":29}},"loc":{"start":{"line":32,"column":53},"end":{"line":44,"column":5}}}},"branchMap":{"0":{"loc":{"start":{"line":22,"column":4},"end":{"line":29,"column":null}},"type":"if","locations":[{"start":{"line":22,"column":4},"end":{"line":29,"column":null}},{"start":{"line":22,"column":4},"end":{"line":29,"column":null}}]}},"s":{"0":12,"1":12,"2":12,"3":0,"4":0,"5":0,"6":0,"7":0,"8":0,"9":0,"10":0,"11":0,"12":12},"f":{"0":0,"1":0},"b":{"0":[0,0]}}
,"/Users/potter/Developer/Projects/AliciAlonso/alicialonso-api/src/queue/processors/remove-key.p.ts": {"path":"/Users/potter/Developer/Projects/AliciAlonso/alicialonso-api/src/queue/processors/remove-key.p.ts","statementMap":{"0":{"start":{"line":2,"column":0},"end":{"line":2,"column":42}},"1":{"start":{"line":13,"column":20},"end":{"line":13,"column":28}},"2":{"start":{"line":14,"column":4},"end":{"line":14,"column":null}},"3":{"start":{"line":12,"column":0},"end":{"line":12,"column":15}}},"fnMap":{"0":{"name":"default_1","decl":{"start":{"line":12,"column":20},"end":{"line":12,"column":30}},"loc":{"start":{"line":12,"column":38},"end":{"line":15,"column":1}}}},"branchMap":{},"s":{"0":12,"1":0,"2":0,"3":12},"f":{"0":0},"b":{}}
,"/Users/potter/Developer/Projects/AliciAlonso/alicialonso-api/src/queue/processors/send-email.p.ts": {"path":"/Users/potter/Developer/Projects/AliciAlonso/alicialonso-api/src/queue/processors/send-email.p.ts","statementMap":{"0":{"start":{"line":1,"column":0},"end":{"line":1,"column":41}},"1":{"start":{"line":12,"column":34},"end":{"line":12,"column":42}},"2":{"start":{"line":13,"column":4},"end":{"line":13,"column":null}},"3":{"start":{"line":11,"column":0},"end":{"line":11,"column":15}}},"fnMap":{"0":{"name":"default_1","decl":{"start":{"line":11,"column":20},"end":{"line":11,"column":30}},"loc":{"start":{"line":11,"column":38},"end":{"line":14,"column":1}}}},"branchMap":{"0":{"loc":{"start":{"line":13,"column":39},"end":{"line":13,"column":64}},"type":"binary-expr","locations":[{"start":{"line":13,"column":39},"end":{"line":13,"column":64}},{"start":{"line":13,"column":68},"end":{"line":13,"column":72}}]},"1":{"loc":{"start":{"line":13,"column":74},"end":{"line":13,"column":90}},"type":"binary-expr","locations":[{"start":{"line":13,"column":74},"end":{"line":13,"column":90}},{"start":{"line":13,"column":94},"end":{"line":13,"column":96}}]}},"s":{"0":12,"1":0,"2":0,"3":12},"f":{"0":0},"b":{"0":[0,0],"1":[0,0]}}
,"/Users/potter/Developer/Projects/AliciAlonso/alicialonso-api/src/queue/processors/send-password-reset-email.p.ts": {"path":"/Users/potter/Developer/Projects/AliciAlonso/alicialonso-api/src/queue/processors/send-password-reset-email.p.ts","statementMap":{"0":{"start":{"line":2,"column":0},"end":{"line":2,"column":55}},"1":{"start":{"line":3,"column":0},"end":{"line":3,"column":39}},"2":{"start":{"line":4,"column":0},"end":{"line":4,"column":51}},"3":{"start":{"line":14,"column":24},"end":{"line":14,"column":32}},"4":{"start":{"line":16,"column":4},"end":{"line":16,"column":null}},"5":{"start":{"line":17,"column":4},"end":{"line":25,"column":null}},"6":{"start":{"line":13,"column":0},"end":{"line":13,"column":15}}},"fnMap":{"0":{"name":"default_1","decl":{"start":{"line":13,"column":20},"end":{"line":13,"column":30}},"loc":{"start":{"line":13,"column":38},"end":{"line":26,"column":1}}}},"branchMap":{},"s":{"0":12,"1":12,"2":12,"3":0,"4":0,"5":0,"6":12},"f":{"0":0},"b":{}}
,"/Users/potter/Developer/Projects/AliciAlonso/alicialonso-api/src/queue/processors/send-verification-email.p.ts": {"path":"/Users/potter/Developer/Projects/AliciAlonso/alicialonso-api/src/queue/processors/send-verification-email.p.ts","statementMap":{"0":{"start":{"line":2,"column":0},"end":{"line":2,"column":55}},"1":{"start":{"line":3,"column":0},"end":{"line":3,"column":39}},"2":{"start":{"line":4,"column":0},"end":{"line":4,"column":50}},"3":{"start":{"line":15,"column":24},"end":{"line":15,"column":32}},"4":{"start":{"line":17,"column":4},"end":{"line":17,"column":null}},"5":{"start":{"line":18,"column":4},"end":{"line":26,"column":null}},"6":{"start":{"line":14,"column":0},"end":{"line":14,"column":15}}},"fnMap":{"0":{"name":"default_1","decl":{"start":{"line":14,"column":20},"end":{"line":14,"column":30}},"loc":{"start":{"line":14,"column":38},"end":{"line":27,"column":1}}}},"branchMap":{},"s":{"0":12,"1":12,"2":12,"3":1,"4":1,"5":1,"6":12},"f":{"0":1},"b":{}}
,"/Users/potter/Developer/Projects/AliciAlonso/alicialonso-api/src/schema/index.ts": {"path":"/Users/potter/Developer/Projects/AliciAlonso/alicialonso-api/src/schema/index.ts","statementMap":{"0":{"start":{"line":1,"column":0},"end":{"line":1,"column":23}},"1":{"start":{"line":2,"column":0},"end":{"line":2,"column":34}},"2":{"start":{"line":3,"column":0},"end":{"line":3,"column":48}},"3":{"start":{"line":4,"column":0},"end":{"line":4,"column":52}},"4":{"start":{"line":5,"column":0},"end":{"line":5,"column":36}},"5":{"start":{"line":6,"column":0},"end":{"line":6,"column":40}},"6":{"start":{"line":8,"column":13},"end":{"line":34,"column":2}},"7":{"start":{"line":36,"column":0},"end":{"line":36,"column":null}},"8":{"start":{"line":37,"column":0},"end":{"line":37,"column":null}},"9":{"start":{"line":39,"column":0},"end":{"line":43,"column":null}},"10":{"start":{"line":40,"column":4},"end":{"line":42,"column":null}},"11":{"start":{"line":41,"column":8},"end":{"line":41,"column":null}}},"fnMap":{"0":{"name":"(anonymous_2)","decl":{"start":{"line":40,"column":16},"end":{"line":40,"column":19}},"loc":{"start":{"line":40,"column":21},"end":{"line":42,"column":5}}}},"branchMap":{"0":{"loc":{"start":{"line":39,"column":0},"end":{"line":43,"column":null}},"type":"if","locations":[{"start":{"line":39,"column":0},"end":{"line":43,"column":null}},{"start":{"line":39,"column":0},"end":{"line":43,"column":null}}]}},"s":{"0":1,"1":1,"2":1,"3":1,"4":1,"5":1,"6":1,"7":1,"8":1,"9":1,"10":0,"11":0},"f":{"0":0},"b":{"0":[0,1]}}
,"/Users/potter/Developer/Projects/AliciAlonso/alicialonso-api/src/schema/resolvers/index.ts": {"path":"/Users/potter/Developer/Projects/AliciAlonso/alicialonso-api/src/schema/resolvers/index.ts","statementMap":{"0":{"start":{"line":1,"column":0},"end":{"line":1,"column":54}},"1":{"start":{"line":2,"column":0},"end":{"line":2,"column":52}},"2":{"start":{"line":3,"column":0},"end":{"line":3,"column":50}},"3":{"start":{"line":4,"column":0},"end":{"line":4,"column":50}},"4":{"start":{"line":6,"column":0},"end":{"line":6,"column":45}},"5":{"start":{"line":8,"column":0},"end":{"line":8,"column":36}},"6":{"start":{"line":9,"column":0},"end":{"line":9,"column":38}},"7":{"start":{"line":10,"column":0},"end":{"line":10,"column":40}}},"fnMap":{},"branchMap":{},"s":{"0":1,"1":1,"2":1,"3":1,"4":1,"5":1,"6":1,"7":1},"f":{},"b":{}}
,"/Users/potter/Developer/Projects/AliciAlonso/alicialonso-api/src/schema/resolvers/common/user/authentication/enums.ts": {"path":"/Users/potter/Developer/Projects/AliciAlonso/alicialonso-api/src/schema/resolvers/common/user/authentication/enums.ts","statementMap":{"0":{"start":{"line":1,"column":0},"end":{"line":1,"column":32}},"1":{"start":{"line":3,"column":13},"end":{"line":7,"column":null}}},"fnMap":{},"branchMap":{},"s":{"0":1,"1":1},"f":{},"b":{}}
,"/Users/potter/Developer/Projects/AliciAlonso/alicialonso-api/src/schema/resolvers/common/user/authentication/mutations.ts": {"path":"/Users/potter/Developer/Projects/AliciAlonso/alicialonso-api/src/schema/resolvers/common/user/authentication/mutations.ts","statementMap":{"0":{"start":{"line":1,"column":0},"end":{"line":1,"column":53}},"1":{"start":{"line":2,"column":0},"end":{"line":2,"column":29}},"2":{"start":{"line":3,"column":0},"end":{"line":3,"column":null}},"3":{"start":{"line":9,"column":0},"end":{"line":9,"column":92}},"4":{"start":{"line":11,"column":0},"end":{"line":11,"column":51}},"5":{"start":{"line":13,"column":13},"end":{"line":39,"column":null}},"6":{"start":{"line":25,"column":8},"end":{"line":25,"column":null}},"7":{"start":{"line":26,"column":8},"end":{"line":26,"column":null}},"8":{"start":{"line":28,"column":40},"end":{"line":28,"column":44}},"9":{"start":{"line":30,"column":20},"end":{"line":30,"column":45}},"10":{"start":{"line":31,"column":8},"end":{"line":31,"column":null}},"11":{"start":{"line":34,"column":8},"end":{"line":36,"column":null}},"12":{"start":{"line":35,"column":12},"end":{"line":35,"column":null}},"13":{"start":{"line":37,"column":8},"end":{"line":37,"column":null}},"14":{"start":{"line":41,"column":13},"end":{"line":68,"column":null}},"15":{"start":{"line":51,"column":42},"end":{"line":54,"column":10}},"16":{"start":{"line":55,"column":8},"end":{"line":57,"column":null}},"17":{"start":{"line":56,"column":12},"end":{"line":56,"column":null}},"18":{"start":{"line":64,"column":8},"end":{"line":66,"column":null}},"19":{"start":{"line":70,"column":13},"end":{"line":86,"column":null}},"20":{"start":{"line":79,"column":20},"end":{"line":79,"column":46}},"21":{"start":{"line":80,"column":8},"end":{"line":80,"column":null}},"22":{"start":{"line":83,"column":8},"end":{"line":83,"column":null}},"23":{"start":{"line":84,"column":8},"end":{"line":84,"column":null}},"24":{"start":{"line":88,"column":13},"end":{"line":102,"column":null}},"25":{"start":{"line":96,"column":8},"end":{"line":99,"column":null}},"26":{"start":{"line":100,"column":8},"end":{"line":100,"column":null}}},"fnMap":{"0":{"name":"(anonymous_1)","decl":{"start":{"line":24,"column":13},"end":{"line":24,"column":18}},"loc":{"start":{"line":24,"column":48},"end":{"line":38,"column":5}}},"1":{"name":"(anonymous_2)","decl":{"start":{"line":49,"column":13},"end":{"line":49,"column":18}},"loc":{"start":{"line":49,"column":53},"end":{"line":67,"column":5}}},"2":{"name":"(anonymous_3)","decl":{"start":{"line":77,"column":13},"end":{"line":77,"column":18}},"loc":{"start":{"line":77,"column":53},"end":{"line":85,"column":5}}},"3":{"name":"(anonymous_4)","decl":{"start":{"line":95,"column":13},"end":{"line":95,"column":18}},"loc":{"start":{"line":95,"column":64},"end":{"line":101,"column":5}}}},"branchMap":{"0":{"loc":{"start":{"line":34,"column":8},"end":{"line":36,"column":null}},"type":"if","locations":[{"start":{"line":34,"column":8},"end":{"line":36,"column":null}},{"start":{"line":34,"column":8},"end":{"line":36,"column":null}}]},"1":{"loc":{"start":{"line":34,"column":12},"end":{"line":34,"column":24}},"type":"binary-expr","locations":[{"start":{"line":34,"column":12},"end":{"line":34,"column":24}},{"start":{"line":34,"column":28},"end":{"line":34,"column":54}}]},"2":{"loc":{"start":{"line":55,"column":8},"end":{"line":57,"column":null}},"type":"if","locations":[{"start":{"line":55,"column":8},"end":{"line":57,"column":null}},{"start":{"line":55,"column":8},"end":{"line":57,"column":null}}]}},"s":{"0":1,"1":1,"2":1,"3":1,"4":1,"5":1,"6":0,"7":0,"8":0,"9":0,"10":0,"11":0,"12":0,"13":0,"14":1,"15":0,"16":0,"17":0,"18":0,"19":1,"20":0,"21":0,"22":0,"23":0,"24":1,"25":0,"26":0},"f":{"0":0,"1":0,"2":0,"3":0},"b":{"0":[0,0],"1":[0,0],"2":[0,0]}}
,"/Users/potter/Developer/Projects/AliciAlonso/alicialonso-api/src/schema/resolvers/common/user/authentication/queries.ts": {"path":"/Users/potter/Developer/Projects/AliciAlonso/alicialonso-api/src/schema/resolvers/common/user/authentication/queries.ts","statementMap":{"0":{"start":{"line":1,"column":0},"end":{"line":1,"column":34}},"1":{"start":{"line":4,"column":13},"end":{"line":14,"column":null}},"2":{"start":{"line":8,"column":8},"end":{"line":8,"column":null}},"3":{"start":{"line":8,"column":19},"end":{"line":8,"column":null}},"4":{"start":{"line":9,"column":26},"end":{"line":9,"column":30}},"5":{"start":{"line":10,"column":38},"end":{"line":10,"column":86}},"6":{"start":{"line":11,"column":8},"end":{"line":11,"column":null}},"7":{"start":{"line":11,"column":23},"end":{"line":11,"column":null}},"8":{"start":{"line":12,"column":8},"end":{"line":12,"column":null}}},"fnMap":{"0":{"name":"(anonymous_0)","decl":{"start":{"line":7,"column":13},"end":{"line":7,"column":18}},"loc":{"start":{"line":7,"column":54},"end":{"line":13,"column":5}}}},"branchMap":{"0":{"loc":{"start":{"line":8,"column":8},"end":{"line":8,"column":null}},"type":"if","locations":[{"start":{"line":8,"column":8},"end":{"line":8,"column":null}},{"start":{"line":8,"column":8},"end":{"line":8,"column":null}}]},"1":{"loc":{"start":{"line":11,"column":8},"end":{"line":11,"column":null}},"type":"if","locations":[{"start":{"line":11,"column":8},"end":{"line":11,"column":null}},{"start":{"line":11,"column":8},"end":{"line":11,"column":null}}]}},"s":{"0":1,"1":1,"2":0,"3":0,"4":0,"5":0,"6":0,"7":0,"8":0},"f":{"0":0},"b":{"0":[0,0],"1":[0,0]}}
,"/Users/potter/Developer/Projects/AliciAlonso/alicialonso-api/src/schema/resolvers/common/user/authentication/types.ts": {"path":"/Users/potter/Developer/Projects/AliciAlonso/alicialonso-api/src/schema/resolvers/common/user/authentication/types.ts","statementMap":{"0":{"start":{"line":1,"column":0},"end":{"line":1,"column":34}},"1":{"start":{"line":3,"column":13},"end":{"line":9,"column":null}},"2":{"start":{"line":7,"column":8},"end":{"line":7,"column":null}},"3":{"start":{"line":11,"column":13},"end":{"line":25,"column":null}},"4":{"start":{"line":15,"column":8},"end":{"line":15,"column":null}},"5":{"start":{"line":16,"column":8},"end":{"line":16,"column":null}},"6":{"start":{"line":17,"column":8},"end":{"line":17,"column":null}},"7":{"start":{"line":18,"column":8},"end":{"line":18,"column":null}},"8":{"start":{"line":19,"column":8},"end":{"line":19,"column":null}},"9":{"start":{"line":20,"column":8},"end":{"line":20,"column":null}},"10":{"start":{"line":21,"column":8},"end":{"line":21,"column":null}},"11":{"start":{"line":22,"column":8},"end":{"line":22,"column":null}},"12":{"start":{"line":23,"column":8},"end":{"line":23,"column":null}}},"fnMap":{"0":{"name":"(anonymous_0)","decl":{"start":{"line":6,"column":4},"end":{"line":6,"column":14}},"loc":{"start":{"line":6,"column":16},"end":{"line":8,"column":5}}},"1":{"name":"(anonymous_1)","decl":{"start":{"line":14,"column":4},"end":{"line":14,"column":14}},"loc":{"start":{"line":14,"column":16},"end":{"line":24,"column":5}}}},"branchMap":{},"s":{"0":1,"1":1,"2":2,"3":1,"4":2,"5":2,"6":2,"7":2,"8":2,"9":2,"10":2,"11":2,"12":2},"f":{"0":2,"1":2},"b":{}}
,"/Users/potter/Developer/Projects/AliciAlonso/alicialonso-api/src/schema/resolvers/common/user/group/mutations.ts": {"path":"/Users/potter/Developer/Projects/AliciAlonso/alicialonso-api/src/schema/resolvers/common/user/group/mutations.ts","statementMap":{"0":{"start":{"line":1,"column":0},"end":{"line":1,"column":53}},"1":{"start":{"line":2,"column":0},"end":{"line":2,"column":42}},"2":{"start":{"line":3,"column":0},"end":{"line":3,"column":63}},"3":{"start":{"line":5,"column":13},"end":{"line":15,"column":null}},"4":{"start":{"line":11,"column":8},"end":{"line":11,"column":null}},"5":{"start":{"line":11,"column":19},"end":{"line":11,"column":null}},"6":{"start":{"line":12,"column":25},"end":{"line":12,"column":75}},"7":{"start":{"line":13,"column":8},"end":{"line":13,"column":null}},"8":{"start":{"line":17,"column":13},"end":{"line":27,"column":null}},"9":{"start":{"line":23,"column":8},"end":{"line":23,"column":null}},"10":{"start":{"line":23,"column":19},"end":{"line":23,"column":null}},"11":{"start":{"line":24,"column":25},"end":{"line":24,"column":80}},"12":{"start":{"line":25,"column":8},"end":{"line":25,"column":null}},"13":{"start":{"line":29,"column":13},"end":{"line":39,"column":null}},"14":{"start":{"line":35,"column":8},"end":{"line":35,"column":null}},"15":{"start":{"line":35,"column":19},"end":{"line":35,"column":null}},"16":{"start":{"line":36,"column":25},"end":{"line":36,"column":79}},"17":{"start":{"line":37,"column":8},"end":{"line":37,"column":null}}},"fnMap":{"0":{"name":"(anonymous_0)","decl":{"start":{"line":10,"column":13},"end":{"line":10,"column":18}},"loc":{"start":{"line":10,"column":58},"end":{"line":14,"column":5}}},"1":{"name":"(anonymous_1)","decl":{"start":{"line":22,"column":13},"end":{"line":22,"column":18}},"loc":{"start":{"line":22,"column":51},"end":{"line":26,"column":5}}},"2":{"name":"(anonymous_2)","decl":{"start":{"line":34,"column":13},"end":{"line":34,"column":18}},"loc":{"start":{"line":34,"column":51},"end":{"line":38,"column":5}}}},"branchMap":{"0":{"loc":{"start":{"line":11,"column":8},"end":{"line":11,"column":null}},"type":"if","locations":[{"start":{"line":11,"column":8},"end":{"line":11,"column":null}},{"start":{"line":11,"column":8},"end":{"line":11,"column":null}}]},"1":{"loc":{"start":{"line":23,"column":8},"end":{"line":23,"column":null}},"type":"if","locations":[{"start":{"line":23,"column":8},"end":{"line":23,"column":null}},{"start":{"line":23,"column":8},"end":{"line":23,"column":null}}]},"2":{"loc":{"start":{"line":35,"column":8},"end":{"line":35,"column":null}},"type
[...]
,"/Users/potter/Developer/Projects/AliciAlonso/alicialonso-api/src/server/context.ts": {"path":"/Users/potter/Developer/Projects/AliciAlonso/alicialonso-api/src/server/context.ts","statementMap":{"0":{"start":{"line":3,"column":0},"end":{"line":3,"column":45}},"1":{"start":{"line":4,"column":0},"end":{"line":4,"column":59}},"2":{"start":{"line":6,"column":16},"end":{"line":14,"column":2}},"3":{"start":{"line":6,"column":72},"end":{"line":14,"column":2}},"4":{"start":{"line":16,"column":0},"end":{"line":16,"column":null}}},"fnMap":{"0":{"name":"(anonymous_1)","decl":{"start":{"line":6,"column":16},"end":{"line":6,"column":21}},"loc":{"start":{"line":6,"column":72},"end":{"line":14,"column":2}}}},"branchMap":{"0":{"loc":{"start":{"line":12,"column":13},"end":{"line":12,"column":16}},"type":"binary-expr","locations":[{"start":{"line":12,"column":13},"end":{"line":12,"column":16}},{"start":{"line":12,"column":20},"end":{"line":12,"column":31}}]},"1":{"loc":{"start":{"line":13,"column":15},"end":{"line":13,"column":53}},"type":"cond-expr","locations":[{"start":{"line":13,"column":15},"end":{"line":13,"column":53}},{"start":{"line":13,"column":56},"end":{"line":13,"column":58}}]}},"s":{"0":1,"1":1,"2":1,"3":0,"4":1},"f":{"0":0},"b":{"0":[0,0],"1":[0,0]}}
,"/Users/potter/Developer/Projects/AliciAlonso/alicialonso-api/src/server/cors.ts": {"path":"/Users/potter/Developer/Projects/AliciAlonso/alicialonso-api/src/server/cors.ts","statementMap":{"0":{"start":{"line":1,"column":13},"end":{"line":14,"column":null}},"1":{"start":{"line":16,"column":0},"end":{"line":16,"column":null}}},"fnMap":{},"branchMap":{},"s":{"0":1,"1":1},"f":{},"b":{}}
,"/Users/potter/Developer/Projects/AliciAlonso/alicialonso-api/src/server/index.ts": {"path":"/Users/potter/Developer/Projects/AliciAlonso/alicialonso-api/src/server/index.ts","statementMap":{"0":{"start":{"line":1,"column":0},"end":{"line":1,"column":52}},"1":{"start":{"line":2,"column":0},"end":{"line":2,"column":66}},"2":{"start":{"line":3,"column":0},"end":{"line":3,"column":37}},"3":{"start":{"line":4,"column":0},"end":{"line":4,"column":41}},"4":{"start":{"line":5,"column":0},"end":{"line":5,"column":36}},"5":{"start":{"line":6,"column":0},"end":{"line":6,"column":53}},"6":{"start":{"line":7,"column":0},"end":{"line":7,"column":49}},"7":{"start":{"line":8,"column":0},"end":{"line":8,"column":64}},"8":{"start":{"line":9,"column":0},"end":{"line":9,"column":37}},"9":{"start":{"line":10,"column":0},"end":{"line":10,"column":30}},"10":{"start":{"line":11,"column":0},"end":{"line":11,"column":73}},"11":{"start":{"line":12,"column":0},"end":{"line":12,"column":45}},"12":{"start":{"line":13,"column":0},"end":{"line":13,"column":25}},"13":{"start":{"line":14,"column":0},"end":{"line":14,"column":31}},"14":{"start":{"line":15,"column":12},"end":{"line":15,"column":21}},"15":{"start":{"line":18,"column":13},"end":{"line":22,"column":null}},"16":{"start":{"line":25,"column":0},"end":{"line":41,"column":null}},"17":{"start":{"line":44,"column":0},"end":{"line":44,"column":null}},"18":{"start":{"line":45,"column":0},"end":{"line":45,"column":null}},"19":{"start":{"line":48,"column":0},"end":{"line":48,"column":null}},"20":{"start":{"line":50,"column":0},"end":{"line":50,"column":null}},"21":{"start":{"line":52,"column":0},"end":{"line":52,"column":null}},"22":{"start":{"line":55,"column":0},"end":{"line":55,"column":null}},"23":{"start":{"line":56,"column":0},"end":{"line":63,"column":null}},"24":{"start":{"line":66,"column":0},"end":{"line":66,"column":null}},"25":{"start":{"line":67,"column":0},"end":{"line":67,"column":null}},"26":{"start":{"line":68,"column":0},"end":{"line":68,"column":null}},"27":{"start":{"line":71,"column":0},"end":{"line":82,"column":null}},"28":{"start":{"line":73,"column":4},"end":{"line":79,"column":null}},"29":{"start":{"line":74,"column":8},"end":{"line":77,"column":null}},"30":{"start":{"line":78,"column":8},"end":{"line":78,"column":14}},"31":{"start":{"line":80,"column":4},"end":{"line":80,"column":null}},"32":{"start":{"line":81,"column":4},"end":{"line":81,"column":null}},"33":{"start":{"line":84,"column":0},"end":{"line":84,"column":null}},"34":{"start":{"line":86,"column":0},"end":{"line":86,"column":null}}},"fnMap":{"0":{"name":"(anonymous_1)","decl":{"start":{"line":71,"column":8},"end":{"line":71,"column":9}},"loc":{"start":{"line":71,"column":83},"end":{"line":82,"column":1}}}},"branchMap":{"0":{"loc":{"start":{"line":73,"column":4},"end":{"line":79,"column":null}},"type":"if","locations":[{"start":{"line":73,"column":4},"end":{"line":79,"column":null}},{"start":{"line":73,"column":4},"end":{"line":79,"column":null}}]}},"s":{"0":1,"1":1,"2":1,"3":1,"4":1,"5":1,"6":1,"7":1,"8":1,"9":1,"10":1,"11":1,"12":1,"13":1,"14":1,"15":1,"16":1,"17":1,"18":1,"19":1,"20":1,"21":1,"22":1,"23":1,"24":1,"25":1,"26":1,"27":1,"28":1,"29":1,"30":1,"31":0,"32":0,"33":1,"34":1},"f":{"0":1},"b":{"0":[1,0]}}
,"/Users/potter/Developer/Projects/AliciAlonso/alicialonso-api/src/server/middleware/arena.mw.ts": {"path":"/Users/potter/Developer/Projects/AliciAlonso/alicialonso-api/src/server/middleware/arena.mw.ts","statementMap":{"0":{"start":{"line":1,"column":0},"end":{"line":1,"column":30}},"1":{"start":{"line":4,"column":13},"end":{"line":17,"column":null}}},"fnMap":{},"branchMap":{},"s":{"0":1,"1":1},"f":{},"b":{}}
,"/Users/potter/Developer/Projects/AliciAlonso/alicialonso-api/src/server/middleware/authentication.mw.ts": {"path":"/Users/potter/Developer/Projects/AliciAlonso/alicialonso-api/src/server/middleware/authentication.mw.ts","statementMap":{"0":{"start":{"line":2,"column":0},"end":{"line":2,"column":42}},"1":{"start":{"line":3,"column":0},"end":{"line":3,"column":58}},"2":{"start":{"line":6,"column":15},"end":{"line":6,"column":27}},"3":{"start":{"line":14,"column":0},"end":{"line":40,"column":null}},"4":{"start":{"line":23,"column":4},"end":{"line":30,"column":null}},"5":{"start":{"line":24,"column":46},"end":{"line":24,"column":92}},"6":{"start":{"line":25,"column":8},"end":{"line":29,"column":null}},"7":{"start":{"line":26,"column":12},"end":{"line":26,"column":null}},"8":{"start":{"line":26,"column":67},"end":{"line":26,"column":null}},"9":{"start":{"line":27,"column":12},"end":{"line":27,"column":null}},"10":{"start":{"line":27,"column":67},"end":{"line":27,"column":null}},"11":{"start":{"line":28,"column":12},"end":{"line":28,"column":null}},"12":{"start":{"line":32,"column":4},"end":{"line":38,"column":null}},"13":{"start":{"line":33,"column":42},"end":{"line":35,"column":85}},"14":{"start":{"line":37,"column":8},"end":{"line":37,"column":null}},"15":{"start":{"line":37,"column":18},"end":{"line":37,"column":null}},"16":{"start":{"line":39,"column":4},"end":{"line":39,"column":null}}},"fnMap":{"0":{"name":"(anonymous_0)","decl":{"start":{"line":14,"column":15},"end":{"line":14,"column":20}},"loc":{"start":{"line":14,"column":76},"end":{"line":40,"column":1}}}},"branchMap":{"0":{"loc":{"start":{"line":23,"column":4},"end":{"line":30,"column":null}},"type":"if","locations":[{"start":{"line":23,"column":4},"end":{"line":30,"column":null}},{"start":{"line":23,"column":4},"end":{"line":30,"column":null}}]},"1":{"loc":{"start":{"line":25,"column":8},"end":{"line":29,"column":null}},"type":"if","locations":[{"start":{"line":25,"column":8},"end":{"line":29,"column":null}},{"start":{"line":25,"column":8},"end":{"line":29,"column":null}}]},"2":{"loc":{"start":{"line":25,"column":12},"end":{"line":25,"column":39}},"type":"binary-expr","locations":[{"start":{"line":25,"column":12},"end":{"line":25,"column":39}},{"start":{"line":25,"column":43},"end":{"line":25,"column":91}}]},"3":{"loc":{"start":{"line":26,"column":12},"end":{"line":26,"column":null}},"type":"if","locations":[{"start":{"line":26,"column":12},"end":{"line":26,"column":null}},{"start":{"line":26,"column":12},"end":{"line":26,"column":null}}]},"4":{"loc":{"start":{"line":27,"column":12},"end":{"line":27,"column":null}},"type":"if","locations":[{"start":{"line":27,"column":12},"end":{"line":27,"column":null}},{"start":{"line":27,"column":12},"end":{"line":27,"column":null}}]},"5":{"loc":{"start":{"line":32,"column":4},"end":{"line":38,"column":null}},"type":"if","locations":[{"start":{"line":32,"column":4},"end":{"line":38,"column":null}},{"start":{"line":32,"column":4},"end":{"line":38,"column":null}}]},"6":{"loc":{"start":{"line":37,"column":8},"end":{"line":37,"column":null}},"type":"if","locations":[{"start":{"line":37,"column":8},"end":{"line":37,"column":null}},{"start":{"line":37,"column":8},"end":{"line":37,"column":null}}]}},"s":{"0":2,"1":2,"2":2,"3":2,"4":2,"5":1,"6":1,"7":1,"8":1,"9":1,"10":1,"11":1,"12":1,"13":0,"14":0,"15":0,"16":1},"f":{"0":2},"b":{"0":[1,1],"1":[1,0],"2":[1,1],"3":[1,0],"4":[1,0],"5":[0,1],"6":[0,0]}}
,"/Users/potter/Developer/Projects/AliciAlonso/alicialonso-api/src/server/routes/auth.routes.ts": {"path":"/Users/potter/Developer/Projects/AliciAlonso/alicialonso-api/src/server/routes/auth.routes.ts","statementMap":{"0":{"start":{"line":1,"column":0},"end":{"line":1,"column":29}},"1":{"start":{"line":2,"column":0},"end":{"line":2,"column":23}},"2":{"start":{"line":3,"column":0},"end":{"line":3,"column":42}},"3":{"start":{"line":4,"column":0},"end":{"line":4,"column":35}},"4":{"start":{"line":5,"column":0},"end":{"line":5,"column":43}},"5":{"start":{"line":6,"column":0},"end":{"line":6,"column":37}},"6":{"start":{"line":7,"column":0},"end":{"line":7,"column":null}},"7":{"start":{"line":17,"column":13},"end":{"line":17,"column":null}},"8":{"start":{"line":18,"column":0},"end":{"line":18,"column":null}},"9":{"start":{"line":19,"column":0},"end":{"line":19,"column":null}},"10":{"start":{"line":24,"column":0},"end":{"line":57,"column":null}},"11":{"start":{"line":25,"column":4},"end":{"line":56,"column":null}},"12":{"start":{"line":26,"column":24},"end":{"line":26,"column":34}},"13":{"start":{"line":27,"column":22},"end":{"line":27,"column":50}},"14":{"start":{"line":29,"column":8},"end":{"line":47,"column":null}},"15":{"start":{"line":30,"column":27},"end":{"line":30,"column":39}},"16":{"start":{"line":31,"column":12},"end":{"line":31,"column":null}},"17":{"start":{"line":32,"column":12},"end":{"line":35,"column":null}},"18":{"start":{"line":36,"column":12},"end":{"line":36,"column":null}},"19":{"start":{"line":37,"column":12},"end":{"line":37,"column":null}},"20":{"start":{"line":39,"column":12},"end":{"line":46,"column":null}},"21":{"start":{"line":49,"column":20},"end":{"line":53,"column":null}},"22":{"start":{"line":55,"column":8},"end":{"line":55,"column":null}},"23":{"start":{"line":60,"column":0},"end":{"line":72,"column":null}},"24":{"start":{"line":64,"column":50},"end":{"line":64,"column":60}},"25":{"start":{"line":65,"column":8},"end":{"line":70,"column":null}},"26":{"start":{"line":66,"column":29},"end":{"line":66,"column":96}},"27":{"start":{"line":67,"column":12},"end":{"line":67,"column":null}},"28":{"start":{"line":69,"column":12},"end":{"line":69,"column":null}},"29":{"start":{"line":75,"column":0},"end":{"line":87,"column":null}},"30":{"start":{"line":79,"column":50},"end":{"line":79,"column":60}},"31":{"start":{"line":80,"column":8},"end":{"line":85,"column":null}},"32":{"start":{"line":81,"column":29},"end":{"line":81,"column":95}},"33":{"start":{"line":82,"column":12},"end":{"line":82,"column":null}},"34":{"start":{"line":84,"column":12},"end":{"line":84,"column":null}}},"fnMap":{"0":{"name":"(anonymous_1)","decl":{"start":{"line":24,"column":88},"end":{"line":24,"column":93}},"loc":{"start":{"line":24,"column":113},"end":{"line":57,"column":1}}},"1":{"name":"(anonymous_2)","decl":{"start":{"line":63,"column":4},"end":{"line":63,"column":9}},"loc":{"start":{"line":63,"column":29},"end":{"line":71,"column":5}}},"2":{"name":"(anonymous_3)","decl":{"start":{"line":78,"column":4},"end":{"line":78,"column":9}},"loc":{"start":{"line":78,"column":29},"end":{"line":86,"column":5}}}},"branchMap":{"0":{"loc":{"start":{"line":29,"column":8},"end":{"line":47,"column":null}},"type":"if","locations":[{"start":{"line":29,"column":8},"end":{"line":47,"column":null}},{"start":{"line":29,"column":8},"end":{"line":47,"column":null}}]}},"s":{"0":1,"1":1,"2":1,"3":1,"4":1,"5":1,"6":1,"7":1,"8":1,"9":1,"10":1,"11":1,"12":1,"13":1,"14":1,"15":0,"16":0,"17":0,"18":0,"19":0,"20":1,"21":0,"22":0,"23":1,"24":0,"25":0,"26":0,"27":0,"28":0,"29":1,"30":0,"31":0,"32":0,"33":0,"34":0},"f":{"0":1,"1":0,"2":0},"b":{"0":[0,1]}}
,"/Users/potter/Developer/Projects/AliciAlonso/alicialonso-api/src/server/routes/index.ts": {"path":"/Users/potter/Developer/Projects/AliciAlonso/alicialonso-api/src/server/routes/index.ts","statementMap":{"0":{"start":{"line":1,"column":0},"end":{"line":1,"column":29}},"1":{"start":{"line":2,"column":0},"end":{"line":2,"column":32}}},"fnMap":{},"branchMap":{},"s":{"0":1,"1":1},"f":{},"b":{}}
,"/Users/potter/Developer/Projects/AliciAlonso/alicialonso-api/src/server/routes/mailgun.routes.ts": {"path":"/Users/potter/Developer/Projects/AliciAlonso/alicialonso-api/src/server/routes/mailgun.routes.ts","statementMap":{"0":{"start":{"line":1,"column":0},"end":{"line":1,"column":29}},"1":{"start":{"line":2,"column":0},"end":{"line":2,"column":23}},"2":{"start":{"line":3,"column":0},"end":{"line":3,"column":41}},"3":{"start":{"line":7,"column":13},"end":{"line":7,"column":null}},"4":{"start":{"line":8,"column":0},"end":{"line":8,"column":null}},"5":{"start":{"line":9,"column":0},"end":{"line":9,"column":null}},"6":{"start":{"line":16,"column":0},"end":{"line":23,"column":null}},"7":{"start":{"line":19,"column":8},"end":{"line":19,"column":12}},"8":{"start":{"line":20,"column":21},"end":{"line":20,"column":74}},"9":{"start":{"line":21,"column":4},"end":{"line":21,"column":null}},"10":{"start":{"line":22,"column":4},"end":{"line":22,"column":null}}},"fnMap":{"0":{"name":"(anonymous_1)","decl":{"start":{"line":16,"column":25},"end":{"line":16,"column":26}},"loc":{"start":{"line":16,"column":43},"end":{"line":23,"column":1}}}},"branchMap":{"0":{"loc":{"start":{"line":20,"column":42},"end":{"line":20,"column":69}},"type":"cond-expr","locations":[{"start":{"line":20,"column":42},"end":{"line":20,"column":69}},{"start":{"line":20,"column":72},"end":{"line":20,"column":74}}]}},"s":{"0":1,"1":1,"2":1,"3":1,"4":1,"5":1,"6":1,"7":0,"8":0,"9":0,"10":0},"f":{"0":0},"b":{"0":[0,0]}}
,"/Users/potter/Developer/Projects/AliciAlonso/alicialonso-api/tests/config/aaxSdkClient.ts": {"path":"/Users/potter/Developer/Projects/AliciAlonso/alicialonso-api/tests/config/aaxSdkClient.ts","statementMap":{"0":{"start":{"line":1,"column":0},"end":{"line":1,"column":47}},"1":{"start":{"line":2,"column":0},"end":{"line":2,"column":45}},"2":{"start":{"line":4,"column":13},"end":{"line":4,"column":null}},"3":{"start":{"line":5,"column":13},"end":{"line":5,"column":null}}},"fnMap":{},"branchMap":{},"s":{"0":2,"1":2,"2":2,"3":2},"f":{},"b":{}}
,"/Users/potter/Developer/Projects/AliciAlonso/alicialonso-api/tests/config/testData.ts": {"path":"/Users/potter/Developer/Projects/AliciAlonso/alicialonso-api/tests/config/testData.ts","statementMap":{"0":{"start":{"line":1,"column":0},"end":{"line":1,"column":null}},"1":{"start":{"line":14,"column":0},"end":{"line":14,"column":25}},"2":{"start":{"line":15,"column":0},"end":{"line":15,"column":27}},"3":{"start":{"line":16,"column":0},"end":{"line":16,"column":29}},"4":{"start":{"line":17,"column":0},"end":{"line":17,"column":30}},"5":{"start":{"line":19,"column":13},"end":{"line":19,"column":null}},"6":{"start":{"line":21,"column":13},"end":{"line":28,"column":null}},"7":{"start":{"line":29,"column":13},"end":{"line":36,"column":null}},"8":{"start":{"line":44,"column":13},"end":{"line":99,"column":null}},"9":{"start":{"line":44,"column":65},"end":{"line":99,"column":null}},"10":{"start":{"line":107,"column":33},"end":{"line":107,"column":35}},"11":{"start":{"line":109,"column":4},"end":{"line":113,"column":null}},"12":{"start":{"line":115,"column":4},"end":{"line":144,"column":null}},"13":{"start":{"line":146,"column":4},"end":{"line":166,"column":null}},"14":{"start":{"line":168,"column":4},"end":{"line":227,"column":null}},"15":{"start":{"line":229,"column":4},"end":{"line":294,"column":null}},"16":{"start":{"line":295,"column":4},"end":{"line":295,"column":null}},"17":{"start":{"line":106,"column":0},"end":{"line":106,"column":15}}},"fnMap":{"0":{"name":"(anonymous_1)","decl":{"start":{"line":44,"column":25},"end":{"line":44,"column":30}},"loc":{"start":{"line":44,"column":65},"end":{"line":99,"column":null}}},"1":{"name":"testData","decl":{"start":{"line":106,"column":30},"end":{"line":106,"column":38}},"loc":{"start":{"line":106,"column":38},"end":{"line":296,"column":1}}}},"branchMap":{},"s":{"0":1,"1":1,"2":1,"3":1,"4":1,"5":1,"6":1,"7":1,"8":1,"9":0,"10":0,"11":0,"12":0,"13":0,"14":0,"15":0,"16":0,"17":1},"f":{"0":0,"1":0},"b":{}}
,"/Users/potter/Developer/Projects/AliciAlonso/alicialonso-api/tests/config/user.data.ts": {"path":"/Users/potter/Developer/Projects/AliciAlonso/alicialonso-api/tests/config/user.data.ts","statementMap":{"0":{"start":{"line":1,"column":0},"end":{"line":1,"column":48}},"1":{"start":{"line":3,"column":17},"end":{"line":24,"column":null}},"2":{"start":{"line":26,"column":0},"end":{"line":26,"column":null}}},"fnMap":{},"branchMap":{},"s":{"0":2,"1":2,"2":2},"f":{},"b":{}}
,"/Users/potter/Developer/Projects/AliciAlonso/alicialonso-api/tests/config/utils.ts": {"path":"/Users/potter/Developer/Projects/AliciAlonso/alicialonso-api/tests/config/utils.ts","statementMap":{"0":{"start":{"line":2,"column":23},"end":{"line":2,"column":25}},"1":{"start":{"line":4,"column":4},"end":{"line":7,"column":null}},"2":{"start":{"line":4,"column":17},"end":{"line":4,"column":18}},"3":{"start":{"line":5,"column":8},"end":{"line":5,"column":null}},"4":{"start":{"line":6,"column":8},"end":{"line":6,"column":null}},"5":{"start":{"line":8,"column":4},"end":{"line":8,"column":null}},"6":{"start":{"line":1,"column":0},"end":{"line":1,"column":16}},"7":{"start":{"line":12,"column":4},"end":{"line":12,"column":null}},"8":{"start":{"line":11,"column":0},"end":{"line":11,"column":16}}},"fnMap":{"0":{"name":"generateRandomString","decl":{"start":{"line":1,"column":16},"end":{"line":1,"column":36}},"loc":{"start":{"line":1,"column":57},"end":{"line":9,"column":1}}},"1":{"name":"generate","decl":{"start":{"line":11,"column":16},"end":{"line":11,"column":24}},"loc":{"start":{"line":11,"column":24},"end":{"line":13,"column":1}}}},"branchMap":{},"s":{"0":1,"1":1,"2":1,"3":150,"4":150,"5":1,"6":1,"7":0,"8":1},"f":{"0":1,"1":0},"b":{}}
}
