TN:
SF:/Users/potter/Developer/Projects/AliciAlonso/alicialonso-api/api/aaxapi-sdk.ts
FN:38,(anonymous_1)
FN:218,(anonymous_2)
FN:621,(anonymous_3)
FN:646,(anonymous_4)
FN:848,(anonymous_5)
FN:1049,(anonymous_6)
FN:1293,(anonymous_7)
FN:1359,(anonymous_8)
FN:1490,getSdk
FN:1492,(anonymous_10)
FN:1495,(anonymous_11)
FN:1498,(anonymous_12)
FN:1501,(anonymous_13)
FN:1504,(anonymous_14)
FN:1507,(anonymous_15)
FN:1510,(anonymous_16)
FN:1513,(anonymous_17)
FNF:17
FNH:15
FNDA:2,(anonymous_1)
FNDA:2,(anonymous_2)
FNDA:2,(anonymous_3)
FNDA:2,(anonymous_4)
FNDA:2,(anonymous_5)
FNDA:2,(anonymous_6)
FNDA:2,(anonymous_7)
FNDA:2,(anonymous_8)
FNDA:5,getSdk
FNDA:5,(anonymous_10)
FNDA:6,(anonymous_11)
FNDA:2,(anonymous_12)
FNDA:3,(anonymous_13)
FNDA:1,(anonymous_14)
FNDA:0,(anonymous_15)
FNDA:0,(anonymous_16)
FNDA:3,(anonymous_17)
DA:2,2
DA:3,2
DA:38,2
DA:39,2
DA:40,2
DA:41,2
DA:218,2
DA:219,2
DA:220,2
DA:221,2
DA:621,2
DA:622,2
DA:623,2
DA:624,2
DA:646,2
DA:647,2
DA:648,2
DA:649,2
DA:650,2
DA:651,2
DA:848,2
DA:849,2
DA:850,2
DA:851,2
DA:1049,2
DA:1050,2
DA:1051,2
DA:1052,2
DA:1053,2
DA:1293,2
DA:1294,2
DA:1295,2
DA:1296,2
DA:1359,2
DA:1360,2
DA:1361,2
DA:1362,2
DA:1363,2
DA:1364,2
DA:1365,2
DA:1366,2
DA:1430,2
DA:1437,2
DA:1444,2
DA:1451,2
DA:1458,2
DA:1465,2
DA:1472,2
DA:1479,2
DA:1490,2
DA:1491,5
DA:1493,5
DA:1496,6
DA:1499,2
DA:1502,3
DA:1505,1
DA:1508,0
DA:1511,0
DA:1514,3
LF:59
LH:57
BRDA:38,0,0,2
BRDA:38,0,1,2
BRDA:218,1,0,2
BRDA:218,1,1,2
BRDA:621,2,0,2
BRDA:621,2,1,2
BRDA:646,3,0,2
BRDA:646,3,1,2
BRDA:848,4,0,2
BRDA:848,4,1,2
BRDA:1049,5,0,2
BRDA:1049,5,1,2
BRDA:1293,6,0,2
BRDA:1293,6,1,2
BRDA:1359,7,0,2
BRDA:1359,7,1,2
BRF:16
BRH:16
end_of_record
TN:
SF:/Users/potter/Developer/Projects/AliciAlonso/alicialonso-api/src/constants/errorMessages.c.ts
FN:5,(anonymous_0)
FN:6,(anonymous_1)
FN:9,(anonymous_2)
FN:10,(anonymous_3)
FN:11,(anonymous_4)
FNF:5
FNH:4
FNDA:1,(anonymous_0)
FNDA:2,(anonymous_1)
FNDA:1,(anonymous_2)
FNDA:0,(anonymous_3)
FNDA:1,(anonymous_4)
DA:1,12
DA:5,1
DA:6,2
DA:9,1
DA:10,0
DA:12,1
LF:6
LH:5
BRF:0
BRH:0
end_of_record
TN:
SF:/Users/potter/Developer/Projects/AliciAlonso/alicialonso-api/src/constants/fragments.c.ts
FNF:0
FNH:0
DA:1,12
DA:10,12
DA:23,12
LF:3
LH:3
BRF:0
BRH:0
end_of_record
TN:
SF:/Users/potter/Developer/Projects/AliciAlonso/alicialonso-api/src/constants/index.ts
FNF:0
FNH:0
DA:1,12
DA:2,12
DA:3,12
DA:4,12
DA:5,12
LF:5
LH:5
BRF:0
BRH:0
end_of_record
TN:
SF:/Users/potter/Developer/Projects/AliciAlonso/alicialonso-api/src/constants/links.c.ts
FN:5,(anonymous_0)
FN:6,(anonymous_1)
FN:9,(anonymous_2)
FN:12,(anonymous_3)
FNF:4
FNH:2
FNDA:2,(anonymous_0)
FNDA:1,(anonymous_1)
FNDA:0,(anonymous_2)
FNDA:0,(anonymous_3)
DA:1,12
DA:2,12
DA:4,12
DA:5,2
DA:8,1
DA:11,0
DA:12,0
LF:7
LH:5
BRF:0
BRH:0
end_of_record
TN:
SF:/Users/potter/Developer/Projects/AliciAlonso/alicialonso-api/src/constants/redis.c.ts
FN:22,(anonymous_1)
FN:23,(anonymous_2)
FN:25,(anonymous_3)
FNF:3
FNH:3
FNDA:5,(anonymous_1)
FNDA:1,(anonymous_2)
FNDA:3,(anonymous_3)
DA:1,12
DA:2,12
DA:5,12
DA:8,12
DA:9,12
DA:10,12
DA:11,12
DA:12,12
DA:13,12
DA:14,12
DA:15,12
DA:17,12
DA:22,12
DA:23,12
DA:25,12
LF:15
LH:15
BRF:0
BRH:0
end_of_record
TN:
SF:/Users/potter/Developer/Projects/AliciAlonso/alicialonso-api/src/constants/routes.c.ts
FNF:0
FNH:0
DA:1,12
DA:2,12
DA:3,12
DA:4,12
DA:5,12
DA:6,12
LF:6
LH:6
BRF:0
BRH:0
end_of_record
TN:
SF:/Users/potter/Developer/Projects/AliciAlonso/alicialonso-api/src/core/group.core.ts
FN:14,createGroupRequest
FN:42,processGroupRequest
FNF:2
FNH:0
FNDA:0,createGroupRequest
FNDA:0,processGroupRequest
DA:1,1
DA:3,1
DA:4,1
DA:5,1
DA:14,1
DA:18,0
DA:19,0
DA:20,0
DA:21,0
DA:22,0
DA:24,0
DA:42,1
DA:47,0
DA:48,0
DA:49,0
DA:50,0
DA:51,0
DA:52,0
DA:53,0
DA:60,0
DA:61,0
DA:62,0
DA:69,0
DA:71,0
DA:73,0
DA:79,0
DA:87,0
DA:89,0
DA:91,0
DA:99,0
DA:101,0
DA:107,0
DA:115,0
DA:116,0
DA:119,0
DA:128,0
DA:136,0
DA:144,0
LF:38
LH:6
BRDA:50,0,0,0
BRDA:50,0,1,0
BRDA:50,1,0,0
BRDA:50,1,1,0
BRDA:52,2,0,0
BRDA:52,2,1,0
BRDA:61,3,0,0
BRDA:61,3,1,0
BRDA:70,4,0,0
BRDA:70,4,1,0
BRDA:70,4,2,0
BRF:11
BRH:0
end_of_record
TN:
SF:/Users/potter/Developer/Projects/AliciAlonso/alicialonso-api/src/core/index.ts
FNF:0
FNH:0
DA:1,1
LF:1
LH:1
BRF:0
BRH:0
end_of_record
TN:
SF:/Users/potter/Developer/Projects/AliciAlonso/alicialonso-api/src/helpers/alert.handler.ts
FN:8,alertWebmaster
FN:16,(anonymous_1)
FNF:2
FNH:1
FNDA:1,alertWebmaster
FNDA:0,(anonymous_1)
DA:1,12
DA:8,12
DA:9,1
DA:17,0
DA:18,0
DA:22,0
DA:23,0
LF:7
LH:3
BRDA:17,0,0,0
BRDA:17,0,1,0
BRDA:22,1,0,0
BRDA:22,1,1,0
BRF:4
BRH:0
end_of_record
TN:
SF:/Users/potter/Developer/Projects/AliciAlonso/alicialonso-api/src/helpers/crypto.handler.ts
FN:9,encryptString
FN:21,decryptString
FN:33,processEncryptedEmail
FNF:3
FNH:3
FNDA:5,encryptString
FNDA:3,decryptString
FNDA:3,processEncryptedEmail
DA:1,12
DA:2,12
DA:9,12
DA:10,5
DA:11,5
DA:12,5
DA:13,5
DA:21,12
DA:22,3
DA:23,3
DA:24,3
DA:25,3
DA:33,12
DA:34,3
DA:35,2
DA:36,2
DA:37,1
LF:17
LH:17
BRDA:34,0,0,1
BRDA:34,0,1,2
BRDA:36,1,0,1
BRDA:36,1,1,1
BRF:4
BRH:4
end_of_record
TN:
SF:/Users/potter/Developer/Projects/AliciAlonso/alicialonso-api/src/helpers/email.handler.ts
FN:14,sendEmail
FN:68,sendQueuedEmail
FN:80,notifyAdmins
FN:90,notifyNewGroupRequest
FN:101,sendVerificationEmail
FN:112,sendPasswordResetEmail
FNF:6
FNH:5
FNDA:2,sendEmail
FNDA:1,sendQueuedEmail
FNDA:1,notifyAdmins
FNDA:1,notifyNewGroupRequest
FNDA:1,sendVerificationEmail
FNDA:0,sendPasswordResetEmail
DA:2,12
DA:3,12
DA:4,12
DA:14,12
DA:21,2
DA:22,2
DA:30,0
DA:68,12
DA:69,1
DA:70,1
DA:80,12
DA:81,1
DA:82,1
DA:90,12
DA:91,1
DA:92,1
DA:101,12
DA:102,1
DA:103,1
DA:112,12
DA:113,0
DA:114,0
LF:22
LH:19
BRDA:27,0,0,1
BRDA:27,0,1,1
BRDA:27,1,0,2
BRDA:27,1,1,1
BRF:4
BRH:4
end_of_record
TN:
SF:/Users/potter/Developer/Projects/AliciAlonso/alicialonso-api/src/helpers/error.handler.ts
FN:21,(anonymous_0)
FN:30,(anonymous_1)
FN:31,(anonymous_2)
FN:38,(anonymous_3)
FNF:4
FNH:1
FNDA:3,(anonymous_0)
FNDA:0,(anonymous_1)
FNDA:0,(anonymous_2)
FNDA:0,(anonymous_3)
DA:2,12
DA:9,12
DA:22,3
DA:23,3
DA:24,3
DA:25,3
DA:26,3
DA:28,3
DA:29,0
DA:30,0
DA:32,0
DA:38,12
DA:39,0
LF:13
LH:9
BRDA:28,0,0,0
BRDA:28,0,1,3
BRF:2
BRH:1
end_of_record
TN:
SF:/Users/potter/Developer/Projects/AliciAlonso/alicialonso-api/src/helpers/event.handler.ts
FNF:0
FNH:0
DA:1,12
DA:10,12
LF:2
LH:2
BRF:0
BRH:0
end_of_record
TN:
SF:/Users/potter/Developer/Projects/AliciAlonso/alicialonso-api/src/helpers/index.ts
FNF:0
FNH:0
DA:1,12
DA:2,12
DA:3,12
DA:4,12
DA:5,12
DA:6,12
DA:7,12
DA:8,12
DA:9,12
LF:9
LH:9
BRF:0
BRH:0
end_of_record
TN:
SF:/Users/potter/Developer/Projects/AliciAlonso/alicialonso-api/src/helpers/photon.handler.ts
FN:3,(anonymous_0)
FN:5,(anonymous_1)
FNF:2
FNH:2
FNDA:1,(anonymous_0)
FNDA:2,(anonymous_1)
DA:1,12
DA:3,12
DA:4,1
DA:5,2
LF:4
LH:4
BRF:0
BRH:0
end_of_record
TN:
SF:/Users/potter/Developer/Projects/AliciAlonso/alicialonso-api/src/helpers/redis.handler.ts
FN:15,addKeyValueSeconds
FN:25,addKeyValue
FN:34,removeKey
FN:46,setVerificationKey
FN:56,setPasswordResetKey
FNF:5
FNH:1
FNDA:0,addKeyValueSeconds
FNDA:0,addKeyValue
FNDA:0,removeKey
FNDA:4,setVerificationKey
FNDA:0,setPasswordResetKey
DA:2,12
DA:3,12
DA:4,12
DA:15,12
DA:16,0
DA:25,12
DA:26,0
DA:34,12
DA:35,0
DA:46,12
DA:47,4
DA:56,12
DA:57,0
LF:13
LH:9
BRF:0
BRH:0
end_of_record
TN:
SF:/Users/potter/Developer/Projects/AliciAlonso/alicialonso-api/src/helpers/template.handler.ts
FN:11,renderTemplateHTML
FNF:1
FNH:1
FNDA:1,renderTemplateHTML
DA:1,12
DA:2,12
DA:3,12
DA:11,12
DA:12,1
LF:5
LH:5
BRF:0
BRH:0
end_of_record
TN:
SF:/Users/potter/Developer/Projects/AliciAlonso/alicialonso-api/src/helpers/token.handler.ts
FN:13,generateLoginToken
FN:18,(anonymous_1)
FN:37,decodeLoginToken
FNF:3
FNH:3
FNDA:4,generateLoginToken
FNDA:2,(anonymous_1)
FNDA:5,decodeLoginToken
DA:1,12
DA:2,12
DA:3,12
DA:6,12
DA:13,12
DA:14,4
DA:15,4
DA:18,12
DA:19,2
DA:37,12
DA:38,5
DA:39,5
DA:40,3
DA:41,3
DA:43,0
DA:48,2
LF:16
LH:15
BRDA:20,0,0,2
BRDA:20,0,1,0
BRDA:24,1,0,2
BRDA:24,1,1,0
BRDA:25,2,0,0
BRDA:25,2,1,2
BRDA:40,3,0,3
BRDA:40,3,1,0
BRF:8
BRH:4
end_of_record
TN:
SF:/Users/potter/Developer/Projects/AliciAlonso/alicialonso-api/src/libs/index.ts
FNF:0
FNH:0
DA:1,12
DA:2,12
DA:3,12
DA:4,12
LF:4
LH:4
BRF:0
BRH:0
end_of_record
TN:
SF:/Users/potter/Developer/Projects/AliciAlonso/alicialonso-api/src/libs/mailgun.lib.ts
FNF:0
FNH:0
DA:1,12
DA:2,12
DA:5,12
DA:12,12
LF:4
LH:4
BRF:0
BRH:0
end_of_record
TN:
SF:/Users/potter/Developer/Projects/AliciAlonso/alicialonso-api/src/libs/node-cache.lib.ts
FN:20,(anonymous_1)
FN:29,(anonymous_2)
FN:43,(anonymous_3)
FN:47,(anonymous_4)
FN:52,(anonymous_5)
FN:67,(anonymous_6)
FNF:6
FNH:6
FNDA:1,(anonymous_1)
FNDA:7,(anonymous_2)
FNDA:1,(anonymous_3)
FNDA:2,(anonymous_4)
FNDA:1,(anonymous_5)
FNDA:1,(anonymous_6)
DA:3,12
DA:4,12
DA:12,12
DA:21,1
DA:26,1
DA:30,7
DA:31,7
DA:44,1
DA:48,2
DA:49,2
DA:53,1
DA:54,0
DA:56,1
DA:57,1
DA:58,1
DA:59,1
DA:60,1
DA:61,1
DA:64,1
DA:68,1
LF:20
LH:19
BRDA:22,0,0,1
BRDA:22,0,1,0
BRDA:23,1,0,1
BRDA:23,1,1,0
BRDA:53,2,0,0
BRDA:53,2,1,1
BRDA:59,3,0,1
BRDA:59,3,1,0
BRF:8
BRH:4
end_of_record
TN:
SF:/Users/potter/Developer/Projects/AliciAlonso/alicialonso-api/src/libs/photon.lib.ts
FNF:0
FNH:0
DA:1,12
DA:3,12
LF:2
LH:2
BRF:0
BRH:0
end_of_record
TN:
SF:/Users/potter/Developer/Projects/AliciAlonso/alicialonso-api/src/libs/redis.lib.ts
FNF:0
FNH:0
DA:1,12
DA:2,12
DA:3,12
DA:4,12
DA:6,12
DA:7,12
DA:8,12
DA:9,12
LF:8
LH:8
BRF:0
BRH:0
end_of_record
TN:
SF:/Users/potter/Developer/Projects/AliciAlonso/alicialonso-api/src/permissions/index.ts
FNF:0
FNH:0
DA:1,1
DA:2,1
DA:3,1
DA:5,1
DA:27,1
LF:5
LH:5
BRF:0
BRH:0
end_of_record
TN:
SF:/Users/potter/Developer/Projects/AliciAlonso/alicialonso-api/src/permissions/rules.ts
FN:9,(anonymous_1)
FN:13,(anonymous_2)
FN:17,(anonymous_3)
FN:23,(anonymous_4)
FN:29,(anonymous_5)
FN:54,(anonymous_6)
FN:58,(anonymous_7)
FNF:7
FNH:0
FNDA:0,(anonymous_1)
FNDA:0,(anonymous_2)
FNDA:0,(anonymous_3)
FNDA:0,(anonymous_4)
FNDA:0,(anonymous_5)
FNDA:0,(anonymous_6)
FNDA:0,(anonymous_7)
DA:1,1
DA:2,1
DA:3,1
DA:4,1
DA:5,1
DA:6,1
DA:9,1
DA:10,0
DA:13,1
DA:14,0
DA:17,1
DA:18,0
DA:23,1
DA:24,0
DA:29,1
DA:30,0
DA:34,0
DA:35,0
DA:37,0
DA:38,0
DA:40,0
DA:41,0
DA:42,0
DA:44,0
DA:46,0
DA:48,0
DA:49,0
DA:51,0
DA:54,1
DA:55,0
DA:58,1
DA:59,0
LF:32
LH:13
BRDA:10,0,0,0
BRDA:10,0,1,0
BRDA:14,1,0,0
BRDA:14,1,1,0
BRDA:14,2,0,0
BRDA:14,2,1,0
BRDA:19,3,0,0
BRDA:19,3,1,0
BRDA:25,4,0,0
BRDA:25,4,1,0
BRDA:34,5,0,0
BRDA:34,5,1,0
BRDA:37,6,0,0
BRDA:37,6,1,0
BRDA:40,7,0,0
BRDA:40,7,1,0
BRDA:48,8,0,0
BRDA:48,8,1,0
BRDA:55,9,0,0
BRDA:55,9,1,0
BRDA:60,10,0,0
BRDA:60,10,1,0
BRF:22
BRH:0
end_of_record
TN:
SF:/Users/potter/Developer/Projects/AliciAlonso/alicialonso-api/src/permissions/validation.ts
FN:16,(anonymous_0)
FN:45,(anonymous_1)
FN:51,(anonymous_2)
FNF:3
FNH:3
FNDA:1,(anonymous_0)
FNDA:1,(anonymous_1)
FNDA:1,(anonymous_2)
DA:3,1
DA:4,1
DA:6,1
DA:17,1
DA:38,1
DA:46,1
DA:51,1
DA:52,1
LF:8
LH:8
BRF:0
BRH:0
end_of_record
TN:
SF:/Users/potter/Developer/Projects/AliciAlonso/alicialonso-api/src/queue/index.ts
FN:26,(anonymous_2)
FN:33,(anonymous_3)
FN:40,(anonymous_4)
FN:47,(anonymous_5)
FN:54,(anonymous_6)
FN:72,(anonymous_7)
FN:79,(anonymous_8)
FN:86,(anonymous_9)
FNF:8
FNH:1
FNDA:0,(anonymous_2)
FNDA:1,(anonymous_3)
FNDA:0,(anonymous_4)
FNDA:0,(anonymous_5)
FNDA:0,(anonymous_6)
FNDA:0,(anonymous_7)
FNDA:0,(anonymous_8)
FNDA:0,(anonymous_9)
DA:1,12
DA:2,12
DA:3,12
DA:4,12
DA:5,12
DA:6,12
DA:7,12
DA:8,12
DA:9,12
DA:21,12
DA:24,12
DA:27,0
DA:31,12
DA:34,1
DA:38,12
DA:41,0
DA:45,12
DA:48,0
DA:52,12
DA:55,0
DA:68,12
DA:70,12
DA:73,0
DA:77,12
DA:80,0
DA:84,12
DA:87,0
LF:27
LH:20
BRF:0
BRH:0
end_of_record
TN:
SF:/Users/potter/Developer/Projects/AliciAlonso/alicialonso-api/src/queue/processors/add-key-value.p.ts
FN:10,default_1
FNF:1
FNH:0
FNDA:0,default_1
DA:2,12
DA:10,12
DA:11,0
DA:12,0
LF:4
LH:2
BRF:0
BRH:0
end_of_record
TN:
SF:/Users/potter/Developer/Projects/AliciAlonso/alicialonso-api/src/queue/processors/add-vey-value-seconds.p.ts
FN:11,default_1
FNF:1
FNH:0
FNDA:0,default_1
DA:2,12
DA:11,12
DA:12,0
DA:13,0
LF:4
LH:2
BRDA:13,0,0,0
BRDA:13,0,1,0
BRF:2
BRH:0
end_of_record
TN:
SF:/Users/potter/Developer/Projects/AliciAlonso/alicialonso-api/src/queue/processors/notify-admins.p.ts
FN:10,default_1
FN:15,(anonymous_1)
FNF:2
FNH:0
FNDA:0,default_1
FNDA:0,(anonymous_1)
DA:2,12
DA:10,12
DA:11,0
DA:13,0
DA:15,0
DA:17,0
DA:23,0
LF:7
LH:2
BRDA:23,0,0,0
BRDA:23,0,1,0
BRF:2
BRH:0
end_of_record
TN:
SF:/Users/potter/Developer/Projects/AliciAlonso/alicialonso-api/src/queue/processors/notify-new-group-request.p.ts
FN:11,default_1
FN:32,(anonymous_1)
FNF:2
FNH:0
FNDA:0,default_1
FNDA:0,(anonymous_1)
DA:2,12
DA:3,12
DA:4,12
DA:11,12
DA:13,0
DA:14,0
DA:16,0
DA:17,0
DA:22,0
DA:23,0
DA:30,0
DA:32,0
DA:33,0
LF:13
LH:4
BRDA:22,0,0,0
BRDA:22,0,1,0
BRF:2
BRH:0
end_of_record
TN:
SF:/Users/potter/Developer/Projects/AliciAlonso/alicialonso-api/src/queue/processors/remove-key.p.ts
FN:12,default_1
FNF:1
FNH:0
FNDA:0,default_1
DA:2,12
DA:12,12
DA:13,0
DA:14,0
LF:4
LH:2
BRF:0
BRH:0
end_of_record
TN:
SF:/Users/potter/Developer/Projects/AliciAlonso/alicialonso-api/src/queue/processors/send-email.p.ts
FN:11,default_1
FNF:1
FNH:0
FNDA:0,default_1
DA:1,12
DA:11,12
DA:12,0
DA:13,0
LF:4
LH:2
BRDA:13,0,0,0
BRDA:13,0,1,0
BRDA:13,1,0,0
BRDA:13,1,1,0
BRF:4
BRH:0
end_of_record
TN:
SF:/Users/potter/Developer/Projects/AliciAlonso/alicialonso-api/src/queue/processors/send-password-reset-email.p.ts
FN:13,default_1
FNF:1
FNH:0
FNDA:0,default_1
DA:2,12
DA:3,12
DA:4,12
DA:13,12
DA:14,0
DA:16,0
DA:17,0
LF:7
LH:4
BRF:0
BRH:0
end_of_record
TN:
SF:/Users/potter/Developer/Projects/AliciAlonso/alicialonso-api/src/queue/processors/send-verification-email.p.ts
FN:14,default_1
FNF:1
FNH:1
FNDA:1,default_1
DA:2,12
DA:3,12
DA:4,12
DA:14,12
DA:15,1
DA:17,1
DA:18,1
LF:7
LH:7
BRF:0
BRH:0
end_of_record
TN:
SF:/Users/potter/Developer/Projects/AliciAlonso/alicialonso-api/src/schema/index.ts
FN:40,(anonymous_2)
FNF:1
FNH:0
FNDA:0,(anonymous_2)
DA:1,1
DA:2,1
DA:3,1
DA:4,1
DA:5,1
DA:6,1
DA:8,1
DA:36,1
DA:37,1
DA:39,1
DA:40,0
DA:41,0
LF:12
LH:10
BRDA:39,0,0,0
BRDA:39,0,1,1
BRF:2
BRH:1
end_of_record
TN:
SF:/Users/potter/Developer/Projects/AliciAlonso/alicialonso-api/src/schema/resolvers/index.ts
FNF:0
FNH:0
DA:1,1
DA:2,1
DA:3,1
DA:4,1
DA:6,1
DA:8,1
DA:9,1
DA:10,1
LF:8
LH:8
BRF:0
BRH:0
end_of_record
TN:
SF:/Users/potter/Developer/Projects/AliciAlonso/alicialonso-api/src/schema/resolvers/common/user/authentication/enums.ts
FNF:0
FNH:0
DA:1,1
DA:3,1
LF:2
LH:2
BRF:0
BRH:0
end_of_record
TN:
SF:/Users/potter/Developer/Projects/AliciAlonso/alicialonso-api/src/schema/resolvers/common/user/authentication/mutations.ts
FN:24,(anonymous_1)
FN:49,(anonymous_2)
FN:77,(anonymous_3)
FN:95,(anonymous_4)
FNF:4
FNH:0
FNDA:0,(anonymous_1)
FNDA:0,(anonymous_2)
FNDA:0,(anonymous_3)
FNDA:0,(anonymous_4)
DA:1,1
DA:2,1
DA:3,1
DA:9,1
DA:11,1
DA:13,1
DA:25,0
DA:26,0
DA:28,0
DA:30,0
DA:31,0
DA:34,0
DA:35,0
DA:37,0
DA:41,1
DA:51,0
DA:55,0
DA:56,0
DA:64,0
DA:70,1
DA:79,0
DA:80,0
DA:83,0
DA:84,0
DA:88,1
DA:96,0
DA:100,0
LF:27
LH:9
BRDA:34,0,0,0
BRDA:34,0,1,0
BRDA:34,1,0,0
BRDA:34,1,1,0
BRDA:55,2,0,0
BRDA:55,2,1,0
BRF:6
BRH:0
end_of_record
TN:
SF:/Users/potter/Developer/Projects/AliciAlonso/alicialonso-api/src/schema/resolvers/common/user/authentication/queries.ts
FN:7,(anonymous_0)
FNF:1
FNH:0
FNDA:0,(anonymous_0)
DA:1,1
DA:4,1
DA:8,0
DA:9,0
DA:10,0
DA:11,0
DA:12,0
LF:7
LH:2
BRDA:8,0,0,0
BRDA:8,0,1,0
BRDA:11,1,0,0
BRDA:11,1,1,0
BRF:4
BRH:0
end_of_record
TN:
SF:/Users/potter/Developer/Projects/AliciAlonso/alicialonso-api/src/schema/resolvers/common/user/authentication/types.ts
FN:6,(anonymous_0)
FN:14,(anonymous_1)
FNF:2
FNH:2
FNDA:2,(anonymous_0)
FNDA:2,(anonymous_1)
DA:1,1
DA:3,1
DA:7,2
DA:11,1
DA:15,2
DA:16,2
DA:17,2
DA:18,2
DA:19,2
DA:20,2
DA:21,2
DA:22,2
DA:23,2
LF:13
LH:13
BRF:0
BRH:0
end_of_record
TN:
SF:/Users/potter/Developer/Projects/AliciAlonso/alicialonso-api/src/schema/resolvers/common/user/group/mutations.ts
FN:10,(anonymous_0)
FN:22,(anonymous_1)
FN:34,(anonymous_2)
FNF:3
FNH:0
FNDA:0,(anonymous_0)
FNDA:0,(anonymous_1)
FNDA:0,(anonymous_2)
DA:1,1
DA:2,1
DA:3,1
DA:5,1
DA:11,0
DA:12,0
DA:13,0
DA:17,1
DA:23,0
DA:24,0
DA:25,0
DA:29,1
DA:35,0
DA:36,0
DA:37,0
LF:15
LH:6
BRDA:11,0,0,0
BRDA:11,0,1,0
BRDA:23,1,0,0
BRDA:23,1,1,0
BRDA:35,2,0,0
BRDA:35,2,1,0
BRF:6
BRH:0
end_of_record
TN:
SF:/Users/potter/Developer/Projects/AliciAlonso/alicialonso-api/src/schema/resolvers/common/venue/mutations.ts
FN:4,(anonymous_0)
FNF:1
FNH:1
FNDA:2,(anonymous_0)
DA:1,1
DA:3,1
DA:5,2
DA:6,2
LF:4
LH:4
BRF:0
BRH:0
end_of_record
TN:
SF:/Users/potter/Developer/Projects/AliciAlonso/alicialonso-api/src/schema/resolvers/common/venue/queries.ts
FN:4,(anonymous_0)
FNF:1
FNH:1
FNDA:2,(anonymous_0)
DA:1,1
DA:3,1
DA:5,2
DA:6,2
DA:7,2
DA:8,2
LF:6
LH:6
BRF:0
BRH:0
end_of_record
TN:
SF:/Users/potter/Developer/Projects/AliciAlonso/alicialonso-api/src/schema/resolvers/common/venue/types.ts
FN:6,(anonymous_0)
FN:16,(anonymous_1)
FNF:2
FNH:2
FNDA:2,(anonymous_0)
FNDA:2,(anonymous_1)
DA:1,1
DA:3,1
DA:7,2
DA:8,2
DA:9,2
DA:13,1
DA:17,2
DA:18,2
DA:19,2
DA:20,2
DA:21,2
DA:22,2
DA:23,2
LF:13
LH:13
BRF:0
BRH:0
end_of_record
TN:
SF:/Users/potter/Developer/Projects/AliciAlonso/alicialonso-api/src/server/context.ts
FN:6,(anonymous_1)
FNF:1
FNH:0
FNDA:0,(anonymous_1)
DA:3,1
DA:4,1
DA:6,1
DA:16,1
LF:4
LH:4
BRDA:12,0,0,0
BRDA:12,0,1,0
BRDA:13,1,0,0
BRDA:13,1,1,0
BRF:4
BRH:0
end_of_record
TN:
SF:/Users/potter/Developer/Projects/AliciAlonso/alicialonso-api/src/server/cors.ts
FNF:0
FNH:0
DA:1,1
DA:16,1
LF:2
LH:2
BRF:0
BRH:0
end_of_record
TN:
SF:/Users/potter/Developer/Projects/AliciAlonso/alicialonso-api/src/server/index.ts
FN:71,(anonymous_1)
FNF:1
FNH:1
FNDA:1,(anonymous_1)
DA:1,1
DA:2,1
DA:3,1
DA:4,1
DA:5,1
DA:6,1
DA:7,1
DA:8,1
DA:9,1
DA:10,1
DA:11,1
DA:12,1
DA:13,1
DA:14,1
DA:15,1
DA:18,1
DA:25,1
DA:44,1
DA:45,1
DA:48,1
DA:50,1
DA:52,1
DA:55,1
DA:56,1
DA:66,1
DA:67,1
DA:68,1
DA:71,1
DA:73,1
DA:74,1
DA:78,1
DA:80,0
DA:81,0
DA:84,1
DA:86,1
LF:35
LH:33
BRDA:73,0,0,1
BRDA:73,0,1,0
BRF:2
BRH:1
end_of_record
TN:
SF:/Users/potter/Developer/Projects/AliciAlonso/alicialonso-api/src/server/middleware/arena.mw.ts
FNF:0
FNH:0
DA:1,1
DA:4,1
LF:2
LH:2
BRF:0
BRH:0
end_of_record
TN:
SF:/Users/potter/Developer/Projects/AliciAlonso/alicialonso-api/src/server/middleware/authentication.mw.ts
FN:14,(anonymous_0)
FNF:1
FNH:1
FNDA:2,(anonymous_0)
DA:2,2
DA:3,2
DA:6,2
DA:14,2
DA:23,2
DA:24,1
DA:25,1
DA:26,1
DA:27,1
DA:28,1
DA:32,1
DA:33,0
DA:37,0
DA:39,1
LF:14
LH:12
BRDA:23,0,0,1
BRDA:23,0,1,1
BRDA:25,1,0,1
BRDA:25,1,1,0
BRDA:25,2,0,1
BRDA:25,2,1,1
BRDA:26,3,0,1
BRDA:26,3,1,0
BRDA:27,4,0,1
BRDA:27,4,1,0
BRDA:32,5,0,0
BRDA:32,5,1,1
BRDA:37,6,0,0
BRDA:37,6,1,0
BRF:14
BRH:8
end_of_record
TN:
SF:/Users/potter/Developer/Projects/AliciAlonso/alicialonso-api/src/server/routes/auth.routes.ts
FN:24,(anonymous_1)
FN:63,(anonymous_2)
FN:78,(anonymous_3)
FNF:3
FNH:1
FNDA:1,(anonymous_1)
FNDA:0,(anonymous_2)
FNDA:0,(anonymous_3)
DA:1,1
DA:2,1
DA:3,1
DA:4,1
DA:5,1
DA:6,1
DA:7,1
DA:17,1
DA:18,1
DA:19,1
DA:24,1
DA:25,1
DA:26,1
DA:27,1
DA:29,1
DA:30,0
DA:31,0
DA:32,0
DA:36,0
DA:37,0
DA:39,1
DA:49,0
DA:55,0
DA:60,1
DA:64,0
DA:65,0
DA:66,0
DA:67,0
DA:69,0
DA:75,1
DA:79,0
DA:80,0
DA:81,0
DA:82,0
DA:84,0
LF:35
LH:18
BRDA:29,0,0,0
BRDA:29,0,1,1
BRF:2
BRH:1
end_of_record
TN:
SF:/Users/potter/Developer/Projects/AliciAlonso/alicialonso-api/src/server/routes/index.ts
FNF:0
FNH:0
DA:1,1
DA:2,1
LF:2
LH:2
BRF:0
BRH:0
end_of_record
TN:
SF:/Users/potter/Developer/Projects/AliciAlonso/alicialonso-api/src/server/routes/mailgun.routes.ts
FN:16,(anonymous_1)
FNF:1
FNH:0
FNDA:0,(anonymous_1)
DA:1,1
DA:2,1
DA:3,1
DA:7,1
DA:8,1
DA:9,1
DA:16,1
DA:19,0
DA:20,0
DA:21,0
DA:22,0
LF:11
LH:7
BRDA:20,0,0,0
BRDA:20,0,1,0
BRF:2
BRH:0
end_of_record
TN:
SF:/Users/potter/Developer/Projects/AliciAlonso/alicialonso-api/tests/config/aaxSdkClient.ts
FNF:0
FNH:0
DA:1,2
DA:2,2
DA:4,2
DA:5,2
LF:4
LH:4
BRF:0
BRH:0
end_of_record
TN:
SF:/Users/potter/Developer/Projects/AliciAlonso/alicialonso-api/tests/config/testData.ts
FN:44,(anonymous_1)
FN:106,testData
FNF:2
FNH:0
FNDA:0,(anonymous_1)
FNDA:0,testData
DA:1,1
DA:14,1
DA:15,1
DA:16,1
DA:17,1
DA:19,1
DA:21,1
DA:29,1
DA:44,1
DA:106,1
DA:107,0
DA:109,0
DA:115,0
DA:146,0
DA:168,0
DA:229,0
DA:295,0
LF:17
LH:10
BRF:0
BRH:0
end_of_record
TN:
SF:/Users/potter/Developer/Projects/AliciAlonso/alicialonso-api/tests/config/user.data.ts
FNF:0
FNH:0
DA:1,2
DA:3,2
DA:26,2
LF:3
LH:3
BRF:0
BRH:0
end_of_record
TN:
SF:/Users/potter/Developer/Projects/AliciAlonso/alicialonso-api/tests/config/utils.ts
FN:1,generateRandomString
FN:11,generate
FNF:2
FNH:1
FNDA:1,generateRandomString
FNDA:0,generate
DA:1,1
DA:2,1
DA:4,1
DA:5,150
DA:6,150
DA:8,1
DA:11,1
DA:12,0
LF:8
LH:7
BRF:0
BRH:0
end_of_record
