TN:
SF:/Users/potter/Developer/Projects/AliciAlonso/alicialonso-api/src/index.ts
FN:7,(anonymous_1)
FNF:1
FNH:0
FNDA:0,(anonymous_1)
DA:4,0
DA:6,0
DA:7,0
DA:8,0
LF:4
LH:0
BRDA:6,0,0,0
BRDA:6,0,1,0
BRDA:6,1,0,0
BRDA:6,1,1,0
BRDA:8,2,0,0
BRDA:8,2,1,0
BRF:6
BRH:0
end_of_record
TN:
SF:/Users/potter/Developer/Projects/AliciAlonso/alicialonso-api/src/constants/errorMessages.c.ts
FN:5,(anonymous_0)
FN:6,(anonymous_1)
FN:9,(anonymous_2)
FN:10,(anonymous_3)
FN:11,(anonymous_4)
FN:13,(anonymous_5)
FNF:6
FNH:5
FNDA:1,(anonymous_0)
FNDA:3,(anonymous_1)
FNDA:3,(anonymous_2)
FNDA:1,(anonymous_3)
FNDA:3,(anonymous_4)
FNDA:0,(anonymous_5)
DA:1,9
DA:5,1
DA:6,3
DA:9,3
DA:10,1
DA:12,3
DA:13,0
LF:7
LH:6
BRF:0
BRH:0
end_of_record
TN:
SF:/Users/potter/Developer/Projects/AliciAlonso/alicialonso-api/src/constants/fragments.c.ts
FNF:0
FNH:0
DA:1,9
DA:10,9
DA:23,9
LF:3
LH:3
BRF:0
BRH:0
end_of_record
TN:
SF:/Users/potter/Developer/Projects/AliciAlonso/alicialonso-api/src/constants/index.ts
FNF:0
FNH:0
DA:1,9
DA:2,9
DA:3,9
DA:4,9
DA:5,9
LF:5
LH:5
BRF:0
BRH:0
end_of_record
TN:
SF:/Users/potter/Developer/Projects/AliciAlonso/alicialonso-api/src/constants/links.c.ts
FN:5,(anonymous_0)
FN:6,(anonymous_1)
FN:10,(anonymous_2)
FN:14,(anonymous_3)
FNF:4
FNH:4
FNDA:1,(anonymous_0)
FNDA:1,(anonymous_1)
FNDA:1,(anonymous_2)
FNDA:1,(anonymous_3)
DA:1,9
DA:2,9
DA:4,9
DA:5,1
DA:7,1
DA:11,1
DA:14,1
LF:7
LH:7
BRF:0
BRH:0
end_of_record
TN:
SF:/Users/potter/Developer/Projects/AliciAlonso/alicialonso-api/src/constants/redis.c.ts
FN:8,(anonymous_1)
FN:23,(anonymous_2)
FN:24,(anonymous_3)
FN:26,(anonymous_4)
FNF:4
FNH:3
FNDA:0,(anonymous_1)
FNDA:1,(anonymous_2)
FNDA:1,(anonymous_3)
FNDA:2,(anonymous_4)
DA:1,9
DA:2,9
DA:5,9
DA:8,9
DA:9,9
DA:10,9
DA:11,9
DA:12,9
DA:13,9
DA:14,9
DA:15,9
DA:16,9
DA:18,9
DA:23,9
DA:24,9
DA:26,9
LF:16
LH:16
BRF:0
BRH:0
end_of_record
TN:
SF:/Users/potter/Developer/Projects/AliciAlonso/alicialonso-api/src/constants/routes.c.ts
FNF:0
FNH:0
DA:1,9
DA:2,9
DA:3,9
DA:4,9
DA:5,9
DA:6,9
LF:6
LH:6
BRF:0
BRH:0
end_of_record
TN:
SF:/Users/potter/Developer/Projects/AliciAlonso/alicialonso-api/src/helpers/index.ts
FNF:0
FNH:0
DA:1,9
DA:2,9
DA:3,9
DA:4,9
DA:5,9
DA:6,9
DA:7,9
DA:8,9
DA:9,9
DA:10,9
DA:11,9
LF:11
LH:11
BRF:0
BRH:0
end_of_record
TN:
SF:/Users/potter/Developer/Projects/AliciAlonso/alicialonso-api/src/helpers/cache/redis.handler.ts
FN:23,addKeyValueSeconds
FN:33,addKeyValue
FN:42,removeKey
FN:54,setVerificationKey
FN:64,setPasswordResetKey
FNF:5
FNH:0
FNDA:0,addKeyValueSeconds
FNDA:0,addKeyValue
FNDA:0,removeKey
FNDA:0,setVerificationKey
FNDA:0,setPasswordResetKey
DA:2,9
DA:3,9
DA:5,9
DA:6,9
DA:8,9
DA:9,9
DA:10,9
DA:23,9
DA:24,0
DA:33,9
DA:34,0
DA:42,9
DA:43,0
DA:54,9
DA:55,0
DA:64,9
DA:65,0
LF:17
LH:12
BRF:0
BRH:0
end_of_record
TN:
SF:/Users/potter/Developer/Projects/AliciAlonso/alicialonso-api/src/helpers/core/conditions.handler.ts
FN:8,(anonymous_0)
FN:10,(anonymous_1)
FN:11,(anonymous_2)
FN:12,(anonymous_3)
FN:13,(anonymous_4)
FN:13,(anonymous_5)
FN:14,(anonymous_6)
FNF:7
FNH:6
FNDA:4,(anonymous_0)
FNDA:1,(anonymous_1)
FNDA:1,(anonymous_2)
FNDA:1,(anonymous_3)
FNDA:1,(anonymous_4)
FNDA:0,(anonymous_5)
FNDA:1,(anonymous_6)
DA:2,9
DA:3,9
DA:5,9
DA:8,9
DA:9,4
DA:10,1
DA:11,1
DA:12,1
DA:13,1
DA:14,1
LF:10
LH:10
BRF:0
BRH:0
end_of_record
TN:
SF:/Users/potter/Developer/Projects/AliciAlonso/alicialonso-api/src/helpers/core/context.handler.ts
FN:15,(anonymous_0)
FN:19,(anonymous_1)
FN:26,(anonymous_2)
FN:32,(anonymous_3)
FN:42,(anonymous_4)
FN:42,(anonymous_5)
FNF:6
FNH:4
FNDA:0,(anonymous_0)
FNDA:0,(anonymous_1)
FNDA:2,(anonymous_2)
FNDA:2,(anonymous_3)
FNDA:1,(anonymous_4)
FNDA:1,(anonymous_5)
DA:3,9
DA:6,9
DA:8,9
DA:9,9
DA:11,9
DA:15,9
DA:16,0
DA:19,9
DA:20,0
DA:23,0
DA:26,9
DA:28,2
DA:32,9
DA:42,9
DA:44,1
LF:15
LH:12
BRDA:16,0,0,0
BRDA:16,0,1,0
BRDA:16,1,0,0
BRDA:16,1,1,0
BRDA:23,2,0,0
BRDA:23,2,1,0
BRDA:23,3,0,0
BRDA:23,3,1,0
BRDA:28,4,0,0
BRDA:28,4,1,2
BRDA:28,5,0,2
BRDA:28,5,1,0
BRDA:38,6,0,2
BRDA:38,6,1,2
BRDA:39,7,0,2
BRDA:39,7,1,0
BRDA:44,8,0,1
BRDA:44,8,1,0
BRF:18
BRH:6
end_of_record
TN:
SF:/Users/potter/Developer/Projects/AliciAlonso/alicialonso-api/src/helpers/core/group.core.ts
FN:11,createGroupRequest
FN:27,processGroupRequest
FNF:2
FNH:0
FNDA:0,createGroupRequest
FNDA:0,processGroupRequest
DA:11,0
DA:17,0
DA:27,0
DA:32,0
LF:4
LH:0
BRF:0
BRH:0
end_of_record
TN:
SF:/Users/potter/Developer/Projects/AliciAlonso/alicialonso-api/src/helpers/core/photon.handler.ts
FN:5,(anonymous_0)
FN:5,(anonymous_1)
FNF:2
FNH:0
FNDA:0,(anonymous_0)
FNDA:0,(anonymous_1)
DA:1,9
DA:3,9
DA:5,9
DA:7,0
LF:4
LH:3
BRF:0
BRH:0
end_of_record
TN:
SF:/Users/potter/Developer/Projects/AliciAlonso/alicialonso-api/src/helpers/email/email.handler.ts
FN:26,(anonymous_1)
FN:66,sendQueuedEmail
FNF:2
FNH:1
FNDA:0,(anonymous_1)
FNDA:1,sendQueuedEmail
DA:2,9
DA:3,9
DA:6,9
DA:7,9
DA:9,9
DA:26,9
DA:33,0
DA:66,9
DA:67,1
DA:71,1
LF:10
LH:9
BRDA:38,0,0,0
BRDA:38,0,1,0
BRDA:38,1,0,0
BRDA:38,1,1,0
BRF:4
BRH:0
end_of_record
TN:
SF:/Users/potter/Developer/Projects/AliciAlonso/alicialonso-api/src/helpers/email/template.handler.ts
FN:11,(anonymous_0)
FN:11,(anonymous_1)
FN:13,(anonymous_2)
FNF:3
FNH:2
FNDA:1,(anonymous_0)
FNDA:1,(anonymous_1)
FNDA:0,(anonymous_2)
DA:1,9
DA:2,9
DA:3,9
DA:11,9
DA:12,1
DA:13,9
DA:15,9
LF:7
LH:7
BRF:0
BRH:0
end_of_record
TN:
SF:/Users/potter/Developer/Projects/AliciAlonso/alicialonso-api/src/helpers/security/crypto.handler.ts
FN:12,encryptString
FN:21,decryptString
FN:31,processEncryptedEmail
FN:33,(anonymous_4)
FN:34,(anonymous_5)
FNF:5
FNH:5
FNDA:7,encryptString
FNDA:6,decryptString
FNDA:3,processEncryptedEmail
FNDA:3,(anonymous_4)
FNDA:2,(anonymous_5)
DA:1,9
DA:2,9
DA:3,9
DA:5,9
DA:12,9
DA:13,7
DA:21,9
DA:22,6
DA:23,6
DA:31,9
DA:32,3
DA:33,3
DA:34,2
LF:13
LH:13
BRDA:23,0,0,6
BRDA:23,0,1,0
BRF:2
BRH:1
end_of_record
TN:
SF:/Users/potter/Developer/Projects/AliciAlonso/alicialonso-api/src/helpers/security/token.handler.ts
FN:13,(anonymous_0)
FN:14,(anonymous_1)
FN:28,(anonymous_2)
FN:30,(anonymous_3)
FNF:4
FNH:4
FNDA:2,(anonymous_0)
FNDA:2,(anonymous_1)
FNDA:4,(anonymous_2)
FNDA:4,(anonymous_3)
DA:1,9
DA:2,9
DA:6,9
DA:13,9
DA:14,2
DA:16,9
DA:28,9
DA:29,4
DA:31,4
DA:32,2
LF:10
LH:10
BRDA:30,0,0,4
BRDA:30,0,1,0
BRDA:32,1,0,2
BRDA:32,1,1,0
BRF:4
BRH:2
end_of_record
TN:
SF:/Users/potter/Developer/Projects/AliciAlonso/alicialonso-api/src/helpers/system/error.handler.ts
FN:17,(anonymous_0)
FN:41,(anonymous_1)
FNF:2
FNH:0
FNDA:0,(anonymous_0)
FNDA:0,(anonymous_1)
DA:17,9
DA:18,0
DA:41,9
DA:42,0
LF:4
LH:2
BRF:0
BRH:0
end_of_record
TN:
SF:/Users/potter/Developer/Projects/AliciAlonso/alicialonso-api/src/helpers/system/file.handler.ts
FN:9,(anonymous_1)
FNF:1
FNH:0
FNDA:0,(anonymous_1)
DA:1,9
DA:2,9
DA:9,9
LF:3
LH:3
BRF:0
BRH:0
end_of_record
TN:
SF:/Users/potter/Developer/Projects/AliciAlonso/alicialonso-api/src/helpers/util/array.handler.ts
FN:9,(anonymous_0)
FNF:1
FNH:1
FNDA:6,(anonymous_0)
DA:9,9
LF:1
LH:1
BRF:0
BRH:0
end_of_record
TN:
SF:/Users/potter/Developer/Projects/AliciAlonso/alicialonso-api/src/permissions/email.yup.ts
FNF:0
FNH:0
DA:1,0
DA:2,0
DA:4,0
LF:3
LH:0
BRF:0
BRH:0
end_of_record
TN:
SF:/Users/potter/Developer/Projects/AliciAlonso/alicialonso-api/src/permissions/graphql.yup.ts
FN:15,(anonymous_0)
FN:42,(anonymous_1)
FN:48,(anonymous_2)
FNF:3
FNH:0
FNDA:0,(anonymous_0)
FNDA:0,(anonymous_1)
FNDA:0,(anonymous_2)
DA:1,0
DA:5,0
DA:7,0
DA:16,0
DA:37,0
DA:43,0
DA:48,0
DA:49,0
LF:8
LH:0
BRF:0
BRH:0
end_of_record
TN:
SF:/Users/potter/Developer/Projects/AliciAlonso/alicialonso-api/src/permissions/index.ts
FNF:0
FNH:0
DA:1,0
DA:3,0
DA:4,0
DA:6,0
DA:31,0
LF:5
LH:0
BRF:0
BRH:0
end_of_record
TN:
SF:/Users/potter/Developer/Projects/AliciAlonso/alicialonso-api/src/permissions/rules.ts
FN:11,(anonymous_0)
FN:15,(anonymous_1)
FN:19,(anonymous_2)
FN:25,(anonymous_3)
FN:38,(anonymous_4)
FN:48,(anonymous_5)
FN:52,(anonymous_6)
FNF:7
FNH:0
FNDA:0,(anonymous_0)
FNDA:0,(anonymous_1)
FNDA:0,(anonymous_2)
FNDA:0,(anonymous_3)
FNDA:0,(anonymous_4)
FNDA:0,(anonymous_5)
FNDA:0,(anonymous_6)
DA:1,0
DA:2,0
DA:4,0
DA:5,0
DA:8,0
DA:11,0
DA:12,0
DA:15,0
DA:16,0
DA:19,0
DA:20,0
DA:25,0
DA:26,0
DA:38,0
DA:39,0
DA:48,0
DA:49,0
DA:52,0
DA:53,0
LF:19
LH:0
BRDA:12,0,0,0
BRDA:12,0,1,0
BRDA:16,1,0,0
BRDA:16,1,1,0
BRDA:16,2,0,0
BRDA:16,2,1,0
BRDA:21,3,0,0
BRDA:21,3,1,0
BRDA:27,4,0,0
BRDA:27,4,1,0
BRDA:49,5,0,0
BRDA:49,5,1,0
BRDA:61,6,0,0
BRDA:61,6,1,0
BRF:14
BRH:0
end_of_record
TN:
SF:/Users/potter/Developer/Projects/AliciAlonso/alicialonso-api/src/permissions/validation.ts
FN:15,(anonymous_0)
FN:42,(anonymous_1)
FN:48,(anonymous_2)
FNF:3
FNH:0
FNDA:0,(anonymous_0)
FNDA:0,(anonymous_1)
FNDA:0,(anonymous_2)
DA:1,0
DA:5,0
DA:7,0
DA:16,0
DA:37,0
DA:43,0
DA:48,0
DA:49,0
LF:8
LH:0
BRF:0
BRH:0
end_of_record
TN:
SF:/Users/potter/Developer/Projects/AliciAlonso/alicialonso-api/src/queue/index.ts
FN:13,(anonymous_2)
FN:21,(anonymous_3)
FN:26,(anonymous_4)
FN:31,(anonymous_5)
FNF:4
FNH:0
FNDA:0,(anonymous_2)
FNDA:0,(anonymous_3)
FNDA:0,(anonymous_4)
FNDA:0,(anonymous_5)
DA:1,9
DA:3,9
DA:4,9
DA:5,9
DA:6,9
DA:8,9
DA:11,9
DA:13,0
DA:17,9
DA:19,9
DA:21,0
DA:24,9
DA:26,0
DA:29,9
DA:31,0
LF:15
LH:11
BRF:0
BRH:0
end_of_record
TN:
SF:/Users/potter/Developer/Projects/AliciAlonso/alicialonso-api/src/queue/processors/add-key-value.p.ts
FN:11,(anonymous_0)
FNF:1
FNH:0
FNDA:0,(anonymous_0)
DA:3,9
DA:11,9
LF:2
LH:2
BRF:0
BRH:0
end_of_record
TN:
SF:/Users/potter/Developer/Projects/AliciAlonso/alicialonso-api/src/queue/processors/add-vey-value-seconds.p.ts
FN:13,(anonymous_0)
FNF:1
FNH:0
FNDA:0,(anonymous_0)
DA:3,9
DA:13,9
DA:14,0
LF:3
LH:2
BRDA:14,0,0,0
BRDA:14,0,1,0
BRF:2
BRH:0
end_of_record
TN:
SF:/Users/potter/Developer/Projects/AliciAlonso/alicialonso-api/src/queue/processors/remove-key.p.ts
FN:13,default_1
FNF:1
FNH:0
FNDA:0,default_1
DA:3,9
DA:13,9
DA:14,0
DA:15,0
LF:4
LH:2
BRF:0
BRH:0
end_of_record
TN:
SF:/Users/potter/Developer/Projects/AliciAlonso/alicialonso-api/src/queue/processors/send-email.p.ts
FN:13,default_1
FNF:1
FNH:0
FNDA:0,default_1
DA:3,9
DA:13,9
DA:14,0
LF:3
LH:2
BRDA:14,0,0,0
BRDA:14,0,1,0
BRDA:14,1,0,0
BRDA:14,1,1,0
BRF:4
BRH:0
end_of_record
TN:
SF:/Users/potter/Developer/Projects/AliciAlonso/alicialonso-api/src/schema/index.ts
FNF:0
FNH:0
DA:1,0
DA:2,0
DA:3,0
DA:4,0
DA:6,0
DA:8,0
DA:10,0
DA:38,0
DA:40,0
LF:9
LH:0
BRF:0
BRH:0
end_of_record
TN:
SF:/Users/potter/Developer/Projects/AliciAlonso/alicialonso-api/src/schema/resolvers/index.ts
FNF:0
FNH:0
DA:1,0
DA:2,0
DA:3,0
DA:6,0
DA:8,0
DA:9,0
DA:10,0
DA:12,0
DA:13,0
DA:14,0
LF:10
LH:0
BRF:0
BRH:0
end_of_record
TN:
SF:/Users/potter/Developer/Projects/AliciAlonso/alicialonso-api/src/schema/resolvers/common/user/authentication/mutations.io.ts
FN:24,(anonymous_1)
FN:46,(anonymous_2)
FN:68,(anonymous_3)
FN:82,(anonymous_4)
FNF:4
FNH:0
FNDA:0,(anonymous_1)
FNDA:0,(anonymous_2)
FNDA:0,(anonymous_3)
FNDA:0,(anonymous_4)
DA:2,0
DA:4,0
DA:7,0
DA:8,0
DA:13,0
DA:25,0
DA:26,0
DA:28,0
DA:31,0
DA:34,0
DA:38,0
DA:48,0
DA:52,0
DA:53,0
DA:55,0
DA:57,0
DA:61,0
DA:70,0
DA:71,0
DA:75,0
DA:83,0
DA:87,0
LF:22
LH:0
BRDA:31,0,0,0
BRDA:31,0,1,0
BRDA:31,1,0,0
BRDA:31,1,1,0
BRDA:52,2,0,0
BRDA:52,2,1,0
BRDA:55,3,0,0
BRDA:55,3,1,0
BRF:8
BRH:0
end_of_record
TN:
SF:/Users/potter/Developer/Projects/AliciAlonso/alicialonso-api/src/schema/resolvers/common/user/authentication/queries.io.ts
FN:10,(anonymous_0)
FNF:1
FNH:0
FNDA:0,(anonymous_0)
DA:3,0
DA:7,0
DA:11,0
DA:12,0
DA:13,0
DA:14,0
DA:15,0
LF:7
LH:0
BRDA:11,0,0,0
BRDA:11,0,1,0
BRDA:14,1,0,0
BRDA:14,1,1,0
BRF:4
BRH:0
end_of_record
TN:
SF:/Users/potter/Developer/Projects/AliciAlonso/alicialonso-api/src/schema/resolvers/common/user/authentication/types.io.ts
FN:6,(anonymous_0)
FN:14,(anonymous_1)
FNF:2
FNH:0
FNDA:0,(anonymous_0)
FNDA:0,(anonymous_1)
DA:1,0
DA:3,0
DA:7,0
DA:11,0
DA:15,0
DA:16,0
DA:17,0
DA:18,0
DA:19,0
DA:20,0
DA:21,0
DA:22,0
DA:23,0
DA:24,0
DA:25,0
DA:26,0
DA:27,0
DA:28,0
DA:29,0
LF:19
LH:0
BRF:0
BRH:0
end_of_record
TN:
SF:/Users/potter/Developer/Projects/AliciAlonso/alicialonso-api/src/schema/resolvers/common/user/group/mutations.io.ts
FN:49,(anonymous_0)
FNF:1
FNH:0
FNDA:0,(anonymous_0)
DA:1,0
DA:44,0
DA:50,0
DA:51,0
LF:4
LH:0
BRDA:52,0,0,0
BRDA:52,0,1,0
BRDA:52,1,0,0
BRDA:52,1,1,0
BRF:4
BRH:0
end_of_record
TN:
SF:/Users/potter/Developer/Projects/AliciAlonso/alicialonso-api/src/schema/resolvers/common/user/group/queries.io.ts
FN:6,(anonymous_0)
FNF:1
FNH:0
FNDA:0,(anonymous_0)
DA:1,0
DA:3,0
DA:7,0
LF:3
LH:0
BRF:0
BRH:0
end_of_record
TN:
SF:/Users/potter/Developer/Projects/AliciAlonso/alicialonso-api/src/schema/resolvers/common/user/profile/mutations.io.ts
FN:9,(anonymous_0)
FN:26,(anonymous_1)
FN:43,(anonymous_2)
FN:54,(anonymous_3)
FNF:4
FNH:0
FNDA:0,(anonymous_0)
FNDA:0,(anonymous_1)
FNDA:0,(anonymous_2)
FNDA:0,(anonymous_3)
DA:3,0
DA:7,0
DA:10,0
DA:14,0
DA:27,0
DA:30,0
DA:44,0
DA:47,0
DA:55,0
LF:9
LH:0
BRDA:27,0,0,0
BRDA:27,0,1,0
BRDA:58,1,0,0
BRDA:58,1,1,0
BRF:4
BRH:0
end_of_record
TN:
SF:/Users/potter/Developer/Projects/AliciAlonso/alicialonso-api/src/schema/resolvers/common/user/profile/queries.io.ts
FN:5,(anonymous_0)
FNF:1
FNH:0
FNDA:0,(anonymous_0)
DA:1,0
DA:3,0
DA:6,0
DA:7,0
DA:8,0
DA:9,0
DA:10,0
DA:11,0
DA:12,0
DA:13,0
DA:14,0
DA:15,0
DA:16,0
DA:17,0
DA:18,0
DA:19,0
LF:16
LH:0
BRF:0
BRH:0
end_of_record
TN:
SF:/Users/potter/Developer/Projects/AliciAlonso/alicialonso-api/src/schema/resolvers/common/user/profile/types.io.ts
FN:6,(anonymous_0)
FN:18,(anonymous_1)
FN:28,(anonymous_2)
FN:38,(anonymous_3)
FN:51,(anonymous_4)
FN:67,(anonymous_5)
FN:82,(anonymous_6)
FNF:7
FNH:0
FNDA:0,(anonymous_0)
FNDA:0,(anonymous_1)
FNDA:0,(anonymous_2)
FNDA:0,(anonymous_3)
FNDA:0,(anonymous_4)
FNDA:0,(anonymous_5)
FNDA:0,(anonymous_6)
DA:1,0
DA:3,0
DA:7,0
DA:8,0
DA:9,0
DA:10,0
DA:11,0
DA:15,0
DA:19,0
DA:20,0
DA:21,0
DA:25,0
DA:29,0
DA:30,0
DA:31,0
DA:35,0
DA:39,0
DA:40,0
DA:41,0
DA:42,0
DA:43,0
DA:44,0
DA:48,0
DA:52,0
DA:53,0
DA:54,0
DA:55,0
DA:56,0
DA:57,0
DA:58,0
DA:59,0
DA:60,0
DA:64,0
DA:68,0
DA:69,0
DA:70,0
DA:71,0
DA:72,0
DA:73,0
DA:74,0
DA:75,0
DA:79,0
DA:83,0
DA:84,0
DA:85,0
LF:45
LH:0
BRF:0
BRH:0
end_of_record
TN:
SF:/Users/potter/Developer/Projects/AliciAlonso/alicialonso-api/src/schema/resolvers/common/venue/mutations.io.ts
FN:5,(anonymous_0)
FNF:1
FNH:0
FNDA:0,(anonymous_0)
DA:1,0
DA:3,0
DA:6,0
DA:7,0
LF:4
LH:0
BRF:0
BRH:0
end_of_record
TN:
SF:/Users/potter/Developer/Projects/AliciAlonso/alicialonso-api/src/schema/resolvers/common/venue/queries.io.ts
FN:5,(anonymous_0)
FNF:1
FNH:0
FNDA:0,(anonymous_0)
DA:1,0
DA:3,0
DA:6,0
DA:7,0
DA:8,0
DA:9,0
LF:6
LH:0
BRF:0
BRH:0
end_of_record
TN:
SF:/Users/potter/Developer/Projects/AliciAlonso/alicialonso-api/src/schema/resolvers/common/venue/types.io.ts
FN:6,(anonymous_0)
FN:16,(anonymous_1)
FNF:2
FNH:0
FNDA:0,(anonymous_0)
FNDA:0,(anonymous_1)
DA:1,0
DA:3,0
DA:7,0
DA:8,0
DA:9,0
DA:13,0
DA:17,0
DA:18,0
DA:19,0
DA:20,0
DA:21,0
DA:22,0
DA:23,0
LF:13
LH:0
BRF:0
BRH:0
end_of_record
TN:
SF:/Users/potter/Developer/Projects/AliciAlonso/alicialonso-api/src/server/index.ts
FNF:0
FNH:0
DA:1,0
DA:3,0
DA:4,0
DA:5,0
DA:6,0
DA:8,0
DA:10,0
DA:11,0
DA:12,0
DA:14,0
DA:17,0
DA:18,0
DA:21,0
DA:24,0
DA:25,0
DA:28,0
DA:29,0
DA:30,0
DA:33,0
DA:34,0
DA:44,0
DA:45,0
DA:46,0
DA:49,0
DA:52,0
DA:54,0
DA:56,0
DA:57,0
DA:58,0
LF:29
LH:0
BRF:0
BRH:0
end_of_record
TN:
SF:/Users/potter/Developer/Projects/AliciAlonso/alicialonso-api/src/server/config/apollo.ts
FNF:0
FNH:0
DA:1,0
DA:3,0
DA:4,0
DA:6,0
LF:4
LH:0
BRF:0
BRH:0
end_of_record
TN:
SF:/Users/potter/Developer/Projects/AliciAlonso/alicialonso-api/src/server/config/arenaQueueMonitor.ts
FNF:0
FNH:0
DA:1,0
DA:4,0
LF:2
LH:0
BRDA:15,0,0,0
BRDA:15,0,1,0
BRF:2
BRH:0
end_of_record
TN:
SF:/Users/potter/Developer/Projects/AliciAlonso/alicialonso-api/src/server/config/cors.ts
FNF:0
FNH:0
DA:1,0
LF:1
LH:0
BRF:0
BRH:0
end_of_record
TN:
SF:/Users/potter/Developer/Projects/AliciAlonso/alicialonso-api/src/server/config/index.ts
FNF:0
FNH:0
DA:1,0
DA:2,0
DA:3,0
DA:4,0
DA:5,0
DA:6,0
LF:6
LH:0
BRF:0
BRH:0
end_of_record
TN:
SF:/Users/potter/Developer/Projects/AliciAlonso/alicialonso-api/src/server/config/session.ts
FNF:0
FNH:0
DA:2,0
DA:4,0
DA:6,0
DA:9,0
DA:11,0
DA:14,0
LF:6
LH:0
BRF:0
BRH:0
end_of_record
TN:
SF:/Users/potter/Developer/Projects/AliciAlonso/alicialonso-api/src/server/config/voyager.ts
FNF:0
FNH:0
DA:1,0
DA:3,0
LF:2
LH:0
BRF:0
BRH:0
end_of_record
TN:
SF:/Users/potter/Developer/Projects/AliciAlonso/alicialonso-api/src/server/middleware/errorhandler.mw.ts
FN:15,errorHandlingMiddleware
FNF:1
FNH:0
FNDA:0,errorHandlingMiddleware
DA:15,0
DA:24,0
DA:25,0
LF:3
LH:0
BRF:0
BRH:0
end_of_record
TN:
SF:/Users/potter/Developer/Projects/AliciAlonso/alicialonso-api/src/server/middleware/index.ts
FNF:0
FNH:0
DA:1,0
LF:1
LH:0
BRF:0
BRH:0
end_of_record
TN:
SF:/Users/potter/Developer/Projects/AliciAlonso/alicialonso-api/src/server/routes/auth.routes.ts
FN:20,(anonymous_1)
FN:58,(anonymous_2)
FN:73,(anonymous_3)
FNF:3
FNH:0
FNDA:0,(anonymous_1)
FNDA:0,(anonymous_2)
FNDA:0,(anonymous_3)
DA:4,0
DA:5,0
DA:7,0
DA:8,0
DA:10,0
DA:13,0
DA:14,0
DA:15,0
DA:20,0
DA:21,0
DA:22,0
DA:23,0
DA:25,0
DA:26,0
DA:27,0
DA:28,0
DA:32,0
DA:33,0
DA:35,0
DA:50,0
DA:55,0
DA:59,0
DA:60,0
DA:61,0
DA:62,0
DA:64,0
DA:70,0
DA:74,0
DA:75,0
DA:76,0
DA:77,0
DA:79,0
LF:32
LH:0
BRDA:25,0,0,0
BRDA:25,0,1,0
BRF:2
BRH:0
end_of_record
TN:
SF:/Users/potter/Developer/Projects/AliciAlonso/alicialonso-api/src/server/routes/index.ts
FNF:0
FNH:0
DA:1,0
DA:2,0
LF:2
LH:0
BRF:0
BRH:0
end_of_record
TN:
SF:/Users/potter/Developer/Projects/AliciAlonso/alicialonso-api/src/server/routes/mailgun.routes.ts
FN:18,(anonymous_1)
FNF:1
FNH:0
FNDA:0,(anonymous_1)
DA:1,0
DA:3,0
DA:9,0
DA:10,0
DA:11,0
DA:18,0
DA:21,0
DA:22,0
DA:24,0
LF:9
LH:0
BRDA:22,0,0,0
BRDA:22,0,1,0
BRF:2
BRH:0
end_of_record
TN:
SF:/Users/potter/Developer/Projects/AliciAlonso/alicialonso-api/src/types/generated/cloudinary.d.ts
FNF:0
FNH:0
LF:0
LH:0
BRF:0
BRH:0
end_of_record
